Copying Files to  /tmp/tmarcu
Files copied! Running script.
wandb: Tracking run with wandb version 0.8.28
Traceback (most recent call last):
  File "/home/tmarcu/.conda/envs/brain2brain_env/lib/python3.7/runpy.py", line 193, in _run_module_as_main
    "__main__", mod_spec)
  File "/home/tmarcu/.conda/envs/brain2brain_env/lib/python3.7/runpy.py", line 85, in _run_code
    exec(code, run_globals)
  File "/home/tmarcu/brain2brain/brain2brain/experiments.py", line 124, in <module>
    main()
  File "/home/tmarcu/brain2brain/brain2brain/experiments.py", line 121, in main
    tcn_experiment1()
  File "/home/tmarcu/brain2brain/brain2brain/experiments.py", line 43, in tcn_experiment1
    wandb.init(project=file_prefix+"wandb")
  File "/home/tmarcu/.conda/envs/brain2brain_env/lib/python3.7/site-packages/wandb/__init__.py", line 1088, in init
    _init_headless(run)
  File "/home/tmarcu/.conda/envs/brain2brain_env/lib/python3.7/site-packages/wandb/__init__.py", line 285, in _init_headless
    success, _ = server.listen(30)
  File "/home/tmarcu/.conda/envs/brain2brain_env/lib/python3.7/site-packages/wandb/wandb_socket.py", line 46, in listen
    self.connect()
  File "/home/tmarcu/.conda/envs/brain2brain_env/lib/python3.7/site-packages/wandb/wandb_socket.py", line 40, in connect
    self.connection, addr = self.socket.accept()
  File "/home/tmarcu/.conda/envs/brain2brain_env/lib/python3.7/socket.py", line 212, in accept
    fd, addr = self._accept()
socket.timeout: timed out
