Running Scheduled Experiment.
tcn_m2o_seq
experiments/experiment_params/tcn_m2o_norm_seq_1.json
tcn_m2o_norm_seq_1
{'experiment_name': 'tcn_m2o_norm_seq_1',
 'experiment_description': 'Experiment M2O TCN 1 - Normalized Data',
 'target_folder': 'tcn_m2o_norm_seq_1/',
 'path': '/home/tmarcu/brain2brain/brain2brain/train_676_norm_files_projects.txt',
 'batch_size': 1024,
 'epochs': 128,
 'lookback_window': 128,
 'length_pred': 1,
 'delay_pred': 0,
 'samples_per_second': 1,
 'electrode_selection': [0, 1, 2, 3, 4],
 'electrode_out': 2,
 'num_feat': 1,
 'num_classes': 1,
 'nb_filters': 128,
 'kernel_size': 3,
 'dilations': [1, 2, 4, 8, 16, 32],
 'nb_stacks': 2,
 'output_len': 1,
 'padding': 'causal',
 'use_skip_connections': True,
 'return_sequences': True,
 'regression': True,
 'dropout_rate': 0.1,
 'name': 'tcn',
 'kernel_initializer': 'he_normal',
 'activation': 'linear',
 'opt': 'RMSprop',
 'lr': 0.005,
 'loss': 'mae',
 'debug_mode': False}
wandb: Dry run mode, not syncing to the cloud.
wandb: Tracking run with wandb version 0.8.31
wandb: Run data is saved locally in tcn_m2o_norm_seq_1/wandb/dryrun-20200414_153447-2up87adu

(36853, 114)
Train Generator Batch Shape:
Sample=(1024, 128, 5) Pred=(1024, 1)
Validation Generator Batch Shape:
Sample=(1024, 128, 5) Pred=(1024, 1)
(None, 128, 5)
2020-04-14 11:41:38.267344: I tensorflow/stream_executor/platform/default/dso_loader.cc:44] Successfully opened dynamic library libcuda.so.1
2020-04-14 11:41:38.288789: I tensorflow/core/common_runtime/gpu/gpu_device.cc:1618] Found device 0 with properties: 
name: Tesla P100-PCIE-16GB major: 6 minor: 0 memoryClockRate(GHz): 1.3285
pciBusID: 0000:03:00.0
2020-04-14 11:41:38.322847: I tensorflow/stream_executor/platform/default/dso_loader.cc:44] Successfully opened dynamic library libcudart.so.10.0
2020-04-14 11:41:38.442422: I tensorflow/stream_executor/platform/default/dso_loader.cc:44] Successfully opened dynamic library libcublas.so.10.0
2020-04-14 11:41:39.414323: I tensorflow/stream_executor/platform/default/dso_loader.cc:44] Successfully opened dynamic library libcufft.so.10.0
2020-04-14 11:41:40.200325: I tensorflow/stream_executor/platform/default/dso_loader.cc:44] Successfully opened dynamic library libcurand.so.10.0
2020-04-14 11:41:42.835980: I tensorflow/stream_executor/platform/default/dso_loader.cc:44] Successfully opened dynamic library libcusolver.so.10.0
2020-04-14 11:41:43.661059: I tensorflow/stream_executor/platform/default/dso_loader.cc:44] Successfully opened dynamic library libcusparse.so.10.0
2020-04-14 11:41:43.833392: I tensorflow/stream_executor/platform/default/dso_loader.cc:44] Successfully opened dynamic library libcudnn.so.7
2020-04-14 11:41:43.835927: I tensorflow/core/common_runtime/gpu/gpu_device.cc:1746] Adding visible gpu devices: 0
2020-04-14 11:41:43.836323: I tensorflow/core/platform/cpu_feature_guard.cc:142] Your CPU supports instructions that this TensorFlow binary was not compiled to use: SSE4.1 SSE4.2 AVX AVX2 FMA
2020-04-14 11:41:43.843851: I tensorflow/core/platform/profile_utils/cpu_utils.cc:94] CPU Frequency: 2400275000 Hz
2020-04-14 11:41:43.844361: I tensorflow/compiler/xla/service/service.cc:168] XLA service 0x56050d4aa4f0 executing computations on platform Host. Devices:
2020-04-14 11:41:43.844397: I tensorflow/compiler/xla/service/service.cc:175]   StreamExecutor device (0): Host, Default Version
2020-04-14 11:41:43.845646: I tensorflow/core/common_runtime/gpu/gpu_device.cc:1618] Found device 0 with properties: 
name: Tesla P100-PCIE-16GB major: 6 minor: 0 memoryClockRate(GHz): 1.3285
pciBusID: 0000:03:00.0
2020-04-14 11:41:43.845695: I tensorflow/stream_executor/platform/default/dso_loader.cc:44] Successfully opened dynamic library libcudart.so.10.0
2020-04-14 11:41:43.845713: I tensorflow/stream_executor/platform/default/dso_loader.cc:44] Successfully opened dynamic library libcublas.so.10.0
2020-04-14 11:41:43.845730: I tensorflow/stream_executor/platform/default/dso_loader.cc:44] Successfully opened dynamic library libcufft.so.10.0
2020-04-14 11:41:43.845747: I tensorflow/stream_executor/platform/default/dso_loader.cc:44] Successfully opened dynamic library libcurand.so.10.0
2020-04-14 11:41:43.845764: I tensorflow/stream_executor/platform/default/dso_loader.cc:44] Successfully opened dynamic library libcusolver.so.10.0
2020-04-14 11:41:43.845780: I tensorflow/stream_executor/platform/default/dso_loader.cc:44] Successfully opened dynamic library libcusparse.so.10.0
2020-04-14 11:41:43.845797: I tensorflow/stream_executor/platform/default/dso_loader.cc:44] Successfully opened dynamic library libcudnn.so.7
2020-04-14 11:41:43.848043: I tensorflow/core/common_runtime/gpu/gpu_device.cc:1746] Adding visible gpu devices: 0
2020-04-14 11:41:43.848090: I tensorflow/stream_executor/platform/default/dso_loader.cc:44] Successfully opened dynamic library libcudart.so.10.0
2020-04-14 11:41:43.977298: I tensorflow/core/common_runtime/gpu/gpu_device.cc:1159] Device interconnect StreamExecutor with strength 1 edge matrix:
2020-04-14 11:41:43.977333: I tensorflow/core/common_runtime/gpu/gpu_device.cc:1165]      0 
2020-04-14 11:41:43.977345: I tensorflow/core/common_runtime/gpu/gpu_device.cc:1178] 0:   N 
2020-04-14 11:41:43.980925: I tensorflow/core/common_runtime/gpu/gpu_device.cc:1304] Created TensorFlow device (/job:localhost/replica:0/task:0/device:GPU:0 with 15216 MB memory) -> physical GPU (device: 0, name: Tesla P100-PCIE-16GB, pci bus id: 0000:03:00.0, compute capability: 6.0)
2020-04-14 11:41:43.983148: I tensorflow/compiler/xla/service/service.cc:168] XLA service 0x56050dae9510 executing computations on platform CUDA. Devices:
2020-04-14 11:41:43.983167: I tensorflow/compiler/xla/service/service.cc:175]   StreamExecutor device (0): Tesla P100-PCIE-16GB, Compute Capability 6.0
calling compile
Model: "model"
_________________________________________________________________
Layer (type)                 Output Shape              Param #   
=================================================================
input_1 (InputLayer)         [(None, 128, 5)]          0         
_________________________________________________________________
tcn (TCN)                    (None, 128, 128)          1365120   
_________________________________________________________________
dense (Dense)                (None, 128, 1)            129       
_________________________________________________________________
lambda (Lambda)              (None, 1, 1)              0         
=================================================================
Total params: 1,365,249
Trainable params: 1,365,249
Non-trainable params: 0
_________________________________________________________________
Epoch 1/128
2020-04-14 11:43:57.570610: I tensorflow/stream_executor/platform/default/dso_loader.cc:44] Successfully opened dynamic library libcublas.so.10.0
2020-04-14 11:43:58.654356: I tensorflow/stream_executor/platform/default/dso_loader.cc:44] Successfully opened dynamic library libcudnn.so.7
2020-04-14 11:44:24.810338: W tensorflow/core/common_runtime/bfc_allocator.cc:419] Allocator (GPU_0_bfc) ran out of memory trying to allocate 64.00MiB (rounded to 67108864).  Current allocation summary follows.
2020-04-14 11:44:24.810410: I tensorflow/core/common_runtime/bfc_allocator.cc:869] Bin (256): 	Total Chunks: 1, Chunks in use: 1. 256B allocated for chunks. 256B in use in bin. 4B client-requested in use in bin.
2020-04-14 11:44:24.810422: I tensorflow/core/common_runtime/bfc_allocator.cc:869] Bin (512): 	Total Chunks: 38, Chunks in use: 37. 19.0KiB allocated for chunks. 18.5KiB in use in bin. 18.5KiB client-requested in use in bin.
2020-04-14 11:44:24.810430: I tensorflow/core/common_runtime/bfc_allocator.cc:869] Bin (1024): 	Total Chunks: 1, Chunks in use: 1. 1.2KiB allocated for chunks. 1.2KiB in use in bin. 1.0KiB client-requested in use in bin.
2020-04-14 11:44:24.810438: I tensorflow/core/common_runtime/bfc_allocator.cc:869] Bin (2048): 	Total Chunks: 1, Chunks in use: 1. 2.5KiB allocated for chunks. 2.5KiB in use in bin. 2.5KiB client-requested in use in bin.
2020-04-14 11:44:24.810446: I tensorflow/core/common_runtime/bfc_allocator.cc:869] Bin (4096): 	Total Chunks: 0, Chunks in use: 0. 0B allocated for chunks. 0B in use in bin. 0B client-requested in use in bin.
2020-04-14 11:44:24.810453: I tensorflow/core/common_runtime/bfc_allocator.cc:869] Bin (8192): 	Total Chunks: 0, Chunks in use: 0. 0B allocated for chunks. 0B in use in bin. 0B client-requested in use in bin.
2020-04-14 11:44:24.810460: I tensorflow/core/common_runtime/bfc_allocator.cc:869] Bin (16384): 	Total Chunks: 0, Chunks in use: 0. 0B allocated for chunks. 0B in use in bin. 0B client-requested in use in bin.
2020-04-14 11:44:24.810468: I tensorflow/core/common_runtime/bfc_allocator.cc:869] Bin (32768): 	Total Chunks: 1, Chunks in use: 0. 50.0KiB allocated for chunks. 0B in use in bin. 0B client-requested in use in bin.
2020-04-14 11:44:24.810477: I tensorflow/core/common_runtime/bfc_allocator.cc:869] Bin (65536): 	Total Chunks: 14, Chunks in use: 11. 896.0KiB allocated for chunks. 704.0KiB in use in bin. 704.0KiB client-requested in use in bin.
2020-04-14 11:44:24.810486: I tensorflow/core/common_runtime/bfc_allocator.cc:869] Bin (131072): 	Total Chunks: 26, Chunks in use: 24. 4.88MiB allocated for chunks. 4.50MiB in use in bin. 4.50MiB client-requested in use in bin.
2020-04-14 11:44:24.810493: I tensorflow/core/common_runtime/bfc_allocator.cc:869] Bin (262144): 	Total Chunks: 0, Chunks in use: 0. 0B allocated for chunks. 0B in use in bin. 0B client-requested in use in bin.
2020-04-14 11:44:24.810502: I tensorflow/core/common_runtime/bfc_allocator.cc:869] Bin (524288): 	Total Chunks: 26, Chunks in use: 24. 13.00MiB allocated for chunks. 12.00MiB in use in bin. 12.00MiB client-requested in use in bin.
2020-04-14 11:44:24.810510: I tensorflow/core/common_runtime/bfc_allocator.cc:869] Bin (1048576): 	Total Chunks: 0, Chunks in use: 0. 0B allocated for chunks. 0B in use in bin. 0B client-requested in use in bin.
2020-04-14 11:44:24.810518: I tensorflow/core/common_runtime/bfc_allocator.cc:869] Bin (2097152): 	Total Chunks: 1, Chunks in use: 1. 2.50MiB allocated for chunks. 2.50MiB in use in bin. 2.50MiB client-requested in use in bin.
2020-04-14 11:44:24.810526: I tensorflow/core/common_runtime/bfc_allocator.cc:869] Bin (4194304): 	Total Chunks: 0, Chunks in use: 0. 0B allocated for chunks. 0B in use in bin. 0B client-requested in use in bin.
2020-04-14 11:44:24.810533: I tensorflow/core/common_runtime/bfc_allocator.cc:869] Bin (8388608): 	Total Chunks: 0, Chunks in use: 0. 0B allocated for chunks. 0B in use in bin. 0B client-requested in use in bin.
2020-04-14 11:44:24.810540: I tensorflow/core/common_runtime/bfc_allocator.cc:869] Bin (16777216): 	Total Chunks: 0, Chunks in use: 0. 0B allocated for chunks. 0B in use in bin. 0B client-requested in use in bin.
2020-04-14 11:44:24.810547: I tensorflow/core/common_runtime/bfc_allocator.cc:869] Bin (33554432): 	Total Chunks: 0, Chunks in use: 0. 0B allocated for chunks. 0B in use in bin. 0B client-requested in use in bin.
2020-04-14 11:44:24.810556: I tensorflow/core/common_runtime/bfc_allocator.cc:869] Bin (67108864): 	Total Chunks: 229, Chunks in use: 229. 14.84GiB allocated for chunks. 14.84GiB in use in bin. 14.80GiB client-requested in use in bin.
2020-04-14 11:44:24.810563: I tensorflow/core/common_runtime/bfc_allocator.cc:869] Bin (134217728): 	Total Chunks: 0, Chunks in use: 0. 0B allocated for chunks. 0B in use in bin. 0B client-requested in use in bin.
2020-04-14 11:44:24.810571: I tensorflow/core/common_runtime/bfc_allocator.cc:869] Bin (268435456): 	Total Chunks: 0, Chunks in use: 0. 0B allocated for chunks. 0B in use in bin. 0B client-requested in use in bin.
2020-04-14 11:44:24.810580: I tensorflow/core/common_runtime/bfc_allocator.cc:885] Bin for 64.00MiB was 64.00MiB, Chunk State: 
2020-04-14 11:44:24.810587: I tensorflow/core/common_runtime/bfc_allocator.cc:898] Next region of size 15955663104
2020-04-14 11:44:24.810596: I tensorflow/core/common_runtime/bfc_allocator.cc:905] InUse at 0x2b2168000000 next 1 of size 1280
2020-04-14 11:44:24.810602: I tensorflow/core/common_runtime/bfc_allocator.cc:905] InUse at 0x2b2168000500 next 3 of size 256
2020-04-14 11:44:24.810609: I tensorflow/core/common_runtime/bfc_allocator.cc:905] InUse at 0x2b2168000600 next 2 of size 512
2020-04-14 11:44:24.810615: I tensorflow/core/common_runtime/bfc_allocator.cc:905] InUse at 0x2b2168000800 next 6 of size 512
2020-04-14 11:44:24.810621: I tensorflow/core/common_runtime/bfc_allocator.cc:905] InUse at 0x2b2168000a00 next 9 of size 512
2020-04-14 11:44:24.810627: I tensorflow/core/common_runtime/bfc_allocator.cc:905] InUse at 0x2b2168000c00 next 11 of size 512
2020-04-14 11:44:24.810632: I tensorflow/core/common_runtime/bfc_allocator.cc:905] InUse at 0x2b2168000e00 next 16 of size 512
2020-04-14 11:44:24.810638: I tensorflow/core/common_runtime/bfc_allocator.cc:905] InUse at 0x2b2168001000 next 18 of size 512
2020-04-14 11:44:24.810644: I tensorflow/core/common_runtime/bfc_allocator.cc:905] InUse at 0x2b2168001200 next 19 of size 512
2020-04-14 11:44:24.810650: I tensorflow/core/common_runtime/bfc_allocator.cc:905] InUse at 0x2b2168001400 next 23 of size 512
2020-04-14 11:44:24.810656: I tensorflow/core/common_runtime/bfc_allocator.cc:905] InUse at 0x2b2168001600 next 25 of size 512
2020-04-14 11:44:24.810662: I tensorflow/core/common_runtime/bfc_allocator.cc:905] InUse at 0x2b2168001800 next 4 of size 512
2020-04-14 11:44:24.810668: I tensorflow/core/common_runtime/bfc_allocator.cc:905] InUse at 0x2b2168001a00 next 5 of size 2560
2020-04-14 11:44:24.810674: I tensorflow/core/common_runtime/bfc_allocator.cc:905] Free  at 0x2b2168002400 next 44 of size 65536
2020-04-14 11:44:24.810680: I tensorflow/core/common_runtime/bfc_allocator.cc:905] InUse at 0x2b2168012400 next 12 of size 65536
2020-04-14 11:44:24.810686: I tensorflow/core/common_runtime/bfc_allocator.cc:905] InUse at 0x2b2168022400 next 13 of size 65536
2020-04-14 11:44:24.810692: I tensorflow/core/common_runtime/bfc_allocator.cc:905] InUse at 0x2b2168032400 next 20 of size 65536
2020-04-14 11:44:24.810697: I tensorflow/core/common_runtime/bfc_allocator.cc:905] InUse at 0x2b2168042400 next 27 of size 65536
2020-04-14 11:44:24.810703: I tensorflow/core/common_runtime/bfc_allocator.cc:905] InUse at 0x2b2168052400 next 28 of size 512
2020-04-14 11:44:24.810709: I tensorflow/core/common_runtime/bfc_allocator.cc:905] InUse at 0x2b2168052600 next 30 of size 512
2020-04-14 11:44:24.810715: I tensorflow/core/common_runtime/bfc_allocator.cc:905] InUse at 0x2b2168052800 next 31 of size 512
2020-04-14 11:44:24.810720: I tensorflow/core/common_runtime/bfc_allocator.cc:905] InUse at 0x2b2168052a00 next 35 of size 512
2020-04-14 11:44:24.810726: I tensorflow/core/common_runtime/bfc_allocator.cc:905] InUse at 0x2b2168052c00 next 37 of size 512
2020-04-14 11:44:24.810732: I tensorflow/core/common_runtime/bfc_allocator.cc:905] InUse at 0x2b2168052e00 next 38 of size 512
2020-04-14 11:44:24.810738: I tensorflow/core/common_runtime/bfc_allocator.cc:905] InUse at 0x2b2168053000 next 41 of size 512
2020-04-14 11:44:24.810743: I tensorflow/core/common_runtime/bfc_allocator.cc:905] InUse at 0x2b2168053200 next 43 of size 512
2020-04-14 11:44:24.810749: I tensorflow/core/common_runtime/bfc_allocator.cc:905] InUse at 0x2b2168053400 next 45 of size 512
2020-04-14 11:44:24.810754: I tensorflow/core/common_runtime/bfc_allocator.cc:905] InUse at 0x2b2168053600 next 47 of size 512
2020-04-14 11:44:24.810760: I tensorflow/core/common_runtime/bfc_allocator.cc:905] InUse at 0x2b2168053800 next 49 of size 512
2020-04-14 11:44:24.810766: I tensorflow/core/common_runtime/bfc_allocator.cc:905] InUse at 0x2b2168053a00 next 51 of size 512
2020-04-14 11:44:24.810772: I tensorflow/core/common_runtime/bfc_allocator.cc:905] InUse at 0x2b2168053c00 next 54 of size 512
2020-04-14 11:44:24.810777: I tensorflow/core/common_runtime/bfc_allocator.cc:905] InUse at 0x2b2168053e00 next 56 of size 512
2020-04-14 11:44:24.810783: I tensorflow/core/common_runtime/bfc_allocator.cc:905] InUse at 0x2b2168054000 next 58 of size 512
2020-04-14 11:44:24.810788: I tensorflow/core/common_runtime/bfc_allocator.cc:905] InUse at 0x2b2168054200 next 60 of size 512
2020-04-14 11:44:24.810794: I tensorflow/core/common_runtime/bfc_allocator.cc:905] InUse at 0x2b2168054400 next 62 of size 512
2020-04-14 11:44:24.810800: I tensorflow/core/common_runtime/bfc_allocator.cc:905] InUse at 0x2b2168054600 next 63 of size 512
2020-04-14 11:44:24.810806: I tensorflow/core/common_runtime/bfc_allocator.cc:905] InUse at 0x2b2168054800 next 65 of size 512
2020-04-14 11:44:24.810811: I tensorflow/core/common_runtime/bfc_allocator.cc:905] InUse at 0x2b2168054a00 next 67 of size 512
2020-04-14 11:44:24.810817: I tensorflow/core/common_runtime/bfc_allocator.cc:905] InUse at 0x2b2168054c00 next 69 of size 512
2020-04-14 11:44:24.810822: I tensorflow/core/common_runtime/bfc_allocator.cc:905] InUse at 0x2b2168054e00 next 72 of size 512
2020-04-14 11:44:24.810829: I tensorflow/core/common_runtime/bfc_allocator.cc:905] InUse at 0x2b2168055000 next 74 of size 512
2020-04-14 11:44:24.810834: I tensorflow/core/common_runtime/bfc_allocator.cc:905] InUse at 0x2b2168055200 next 76 of size 512
2020-04-14 11:44:24.810840: I tensorflow/core/common_runtime/bfc_allocator.cc:905] InUse at 0x2b2168055400 next 78 of size 512
2020-04-14 11:44:24.810846: I tensorflow/core/common_runtime/bfc_allocator.cc:905] InUse at 0x2b2168055600 next 80 of size 512
2020-04-14 11:44:24.810852: I tensorflow/core/common_runtime/bfc_allocator.cc:905] Free  at 0x2b2168055800 next 81 of size 512
2020-04-14 11:44:24.810857: I tensorflow/core/common_runtime/bfc_allocator.cc:905] InUse at 0x2b2168055a00 next 83 of size 512
2020-04-14 11:44:24.810863: I tensorflow/core/common_runtime/bfc_allocator.cc:905] Free  at 0x2b2168055c00 next 7 of size 51200
2020-04-14 11:44:24.810869: I tensorflow/core/common_runtime/bfc_allocator.cc:905] InUse at 0x2b2168062400 next 8 of size 196608
2020-04-14 11:44:24.810875: I tensorflow/core/common_runtime/bfc_allocator.cc:905] InUse at 0x2b2168092400 next 10 of size 196608
2020-04-14 11:44:24.810881: I tensorflow/core/common_runtime/bfc_allocator.cc:905] InUse at 0x2b21680c2400 next 32 of size 65536
2020-04-14 11:44:24.810894: I tensorflow/core/common_runtime/bfc_allocator.cc:905] InUse at 0x2b21680d2400 next 39 of size 65536
2020-04-14 11:44:24.810901: I tensorflow/core/common_runtime/bfc_allocator.cc:905] Free  at 0x2b21680e2400 next 14 of size 65536
2020-04-14 11:44:24.810907: I tensorflow/core/common_runtime/bfc_allocator.cc:905] InUse at 0x2b21680f2400 next 15 of size 196608
2020-04-14 11:44:24.810913: I tensorflow/core/common_runtime/bfc_allocator.cc:905] InUse at 0x2b2168122400 next 17 of size 196608
2020-04-14 11:44:24.810919: I tensorflow/core/common_runtime/bfc_allocator.cc:905] InUse at 0x2b2168152400 next 50 of size 65536
2020-04-14 11:44:24.810925: I tensorflow/core/common_runtime/bfc_allocator.cc:905] InUse at 0x2b2168162400 next 57 of size 65536
2020-04-14 11:44:24.810931: I tensorflow/core/common_runtime/bfc_allocator.cc:905] InUse at 0x2b2168172400 next 21 of size 65536
2020-04-14 11:44:24.810937: I tensorflow/core/common_runtime/bfc_allocator.cc:905] InUse at 0x2b2168182400 next 22 of size 196608
2020-04-14 11:44:24.810943: I tensorflow/core/common_runtime/bfc_allocator.cc:905] InUse at 0x2b21681b2400 next 24 of size 196608
2020-04-14 11:44:24.810948: I tensorflow/core/common_runtime/bfc_allocator.cc:905] InUse at 0x2b21681e2400 next 26 of size 196608
2020-04-14 11:44:24.810954: I tensorflow/core/common_runtime/bfc_allocator.cc:905] InUse at 0x2b2168212400 next 29 of size 196608
2020-04-14 11:44:24.810960: I tensorflow/core/common_runtime/bfc_allocator.cc:905] InUse at 0x2b2168242400 next 68 of size 65536
2020-04-14 11:44:24.810966: I tensorflow/core/common_runtime/bfc_allocator.cc:905] InUse at 0x2b2168252400 next 75 of size 65536
2020-04-14 11:44:24.810972: I tensorflow/core/common_runtime/bfc_allocator.cc:905] Free  at 0x2b2168262400 next 33 of size 65536
2020-04-14 11:44:24.810977: I tensorflow/core/common_runtime/bfc_allocator.cc:905] InUse at 0x2b2168272400 next 34 of size 196608
2020-04-14 11:44:24.810983: I tensorflow/core/common_runtime/bfc_allocator.cc:905] InUse at 0x2b21682a2400 next 36 of size 196608
2020-04-14 11:44:24.810989: I tensorflow/core/common_runtime/bfc_allocator.cc:905] InUse at 0x2b21682d2400 next 40 of size 196608
2020-04-14 11:44:24.810995: I tensorflow/core/common_runtime/bfc_allocator.cc:905] InUse at 0x2b2168302400 next 42 of size 196608
2020-04-14 11:44:24.811001: I tensorflow/core/common_runtime/bfc_allocator.cc:905] InUse at 0x2b2168332400 next 46 of size 196608
2020-04-14 11:44:24.811007: I tensorflow/core/common_runtime/bfc_allocator.cc:905] InUse at 0x2b2168362400 next 48 of size 196608
2020-04-14 11:44:24.811013: I tensorflow/core/common_runtime/bfc_allocator.cc:905] Free  at 0x2b2168392400 next 52 of size 196608
2020-04-14 11:44:24.811018: I tensorflow/core/common_runtime/bfc_allocator.cc:905] InUse at 0x2b21683c2400 next 53 of size 196608
2020-04-14 11:44:24.811024: I tensorflow/core/common_runtime/bfc_allocator.cc:905] InUse at 0x2b21683f2400 next 55 of size 196608
2020-04-14 11:44:24.811030: I tensorflow/core/common_runtime/bfc_allocator.cc:905] InUse at 0x2b2168422400 next 59 of size 196608
2020-04-14 11:44:24.811035: I tensorflow/core/common_runtime/bfc_allocator.cc:905] InUse at 0x2b2168452400 next 61 of size 196608
2020-04-14 11:44:24.811042: I tensorflow/core/common_runtime/bfc_allocator.cc:905] InUse at 0x2b2168482400 next 64 of size 196608
2020-04-14 11:44:24.811048: I tensorflow/core/common_runtime/bfc_allocator.cc:905] InUse at 0x2b21684b2400 next 66 of size 196608
2020-04-14 11:44:24.811054: I tensorflow/core/common_runtime/bfc_allocator.cc:905] Free  at 0x2b21684e2400 next 70 of size 196608
2020-04-14 11:44:24.811060: I tensorflow/core/common_runtime/bfc_allocator.cc:905] InUse at 0x2b2168512400 next 71 of size 196608
2020-04-14 11:44:24.811066: I tensorflow/core/common_runtime/bfc_allocator.cc:905] InUse at 0x2b2168542400 next 73 of size 196608
2020-04-14 11:44:24.811072: I tensorflow/core/common_runtime/bfc_allocator.cc:905] InUse at 0x2b2168572400 next 77 of size 196608
2020-04-14 11:44:24.811078: I tensorflow/core/common_runtime/bfc_allocator.cc:905] InUse at 0x2b21685a2400 next 79 of size 196608
2020-04-14 11:44:24.811084: I tensorflow/core/common_runtime/bfc_allocator.cc:905] InUse at 0x2b21685d2400 next 91 of size 524288
2020-04-14 11:44:24.811090: I tensorflow/core/common_runtime/bfc_allocator.cc:905] InUse at 0x2b2168652400 next 98 of size 524288
2020-04-14 11:44:24.811096: I tensorflow/core/common_runtime/bfc_allocator.cc:905] InUse at 0x2b21686d2400 next 110 of size 524288
2020-04-14 11:44:24.811102: I tensorflow/core/common_runtime/bfc_allocator.cc:905] InUse at 0x2b2168752400 next 119 of size 524288
2020-04-14 11:44:24.811108: I tensorflow/core/common_runtime/bfc_allocator.cc:905] InUse at 0x2b21687d2400 next 131 of size 524288
2020-04-14 11:44:24.811114: I tensorflow/core/common_runtime/bfc_allocator.cc:905] InUse at 0x2b2168852400 next 140 of size 524288
2020-04-14 11:44:24.811120: I tensorflow/core/common_runtime/bfc_allocator.cc:905] InUse at 0x2b21688d2400 next 161 of size 524288
2020-04-14 11:44:24.811126: I tensorflow/core/common_runtime/bfc_allocator.cc:905] InUse at 0x2b2168952400 next 173 of size 524288
2020-04-14 11:44:24.811131: I tensorflow/core/common_runtime/bfc_allocator.cc:905] InUse at 0x2b21689d2400 next 155 of size 524288
2020-04-14 11:44:24.811137: I tensorflow/core/common_runtime/bfc_allocator.cc:905] InUse at 0x2b2168a52400 next 84 of size 524288
2020-04-14 11:44:24.811143: I tensorflow/core/common_runtime/bfc_allocator.cc:905] InUse at 0x2b2168ad2400 next 82 of size 2621440
2020-04-14 11:44:24.811149: I tensorflow/core/common_runtime/bfc_allocator.cc:905] InUse at 0x2b2168d52400 next 85 of size 67108864
2020-04-14 11:44:24.811155: I tensorflow/core/common_runtime/bfc_allocator.cc:905] InUse at 0x2b216cd52400 next 86 of size 67108864
2020-04-14 11:44:24.811161: I tensorflow/core/common_runtime/bfc_allocator.cc:905] InUse at 0x2b2170d52400 next 87 of size 68157440
2020-04-14 11:44:24.811167: I tensorflow/core/common_runtime/bfc_allocator.cc:905] InUse at 0x2b2174e52400 next 88 of size 67108864
2020-04-14 11:44:24.811173: I tensorflow/core/common_runtime/bfc_allocator.cc:905] InUse at 0x2b2178e52400 next 89 of size 67108864
2020-04-14 11:44:24.811178: I tensorflow/core/common_runtime/bfc_allocator.cc:905] InUse at 0x2b217ce52400 next 90 of size 67108864
2020-04-14 11:44:24.811184: I tensorflow/core/common_runtime/bfc_allocator.cc:905] InUse at 0x2b2180e52400 next 93 of size 67108864
2020-04-14 11:44:24.811190: I tensorflow/core/common_runtime/bfc_allocator.cc:905] InUse at 0x2b2184e52400 next 95 of size 67108864
2020-04-14 11:44:24.811195: I tensorflow/core/common_runtime/bfc_allocator.cc:905] InUse at 0x2b2188e52400 next 92 of size 68157440
2020-04-14 11:44:24.811201: I tensorflow/core/common_runtime/bfc_allocator.cc:905] InUse at 0x2b218cf52400 next 94 of size 67108864
2020-04-14 11:44:24.811207: I tensorflow/core/common_runtime/bfc_allocator.cc:905] InUse at 0x2b2190f52400 next 96 of size 67108864
2020-04-14 11:44:24.811212: I tensorflow/core/common_runtime/bfc_allocator.cc:905] InUse at 0x2b2194f52400 next 97 of size 67108864
2020-04-14 11:44:24.811218: I tensorflow/core/common_runtime/bfc_allocator.cc:905] InUse at 0x2b2198f52400 next 100 of size 67108864
2020-04-14 11:44:24.811224: I tensorflow/core/common_runtime/bfc_allocator.cc:905] InUse at 0x2b219cf52400 next 102 of size 67108864
2020-04-14 11:44:24.811230: I tensorflow/core/common_runtime/bfc_allocator.cc:905] InUse at 0x2b21a0f52400 next 99 of size 67108864
2020-04-14 11:44:24.811236: I tensorflow/core/common_runtime/bfc_allocator.cc:905] InUse at 0x2b21a4f52400 next 101 of size 67108864
2020-04-14 11:44:24.811242: I tensorflow/core/common_runtime/bfc_allocator.cc:905] InUse at 0x2b21a8f52400 next 103 of size 67108864
2020-04-14 11:44:24.811248: I tensorflow/core/common_runtime/bfc_allocator.cc:905] InUse at 0x2b21acf52400 next 104 of size 69206016
2020-04-14 11:44:24.811255: I tensorflow/core/common_runtime/bfc_allocator.cc:905] InUse at 0x2b21b1152400 next 105 of size 69206016
2020-04-14 11:44:24.811261: I tensorflow/core/common_runtime/bfc_allocator.cc:905] InUse at 0x2b21b5352400 next 106 of size 67108864
2020-04-14 11:44:24.811267: I tensorflow/core/common_runtime/bfc_allocator.cc:905] InUse at 0x2b21b9352400 next 107 of size 67108864
2020-04-14 11:44:24.811273: I tensorflow/core/common_runtime/bfc_allocator.cc:905] InUse at 0x2b21bd352400 next 108 of size 67108864
2020-04-14 11:44:24.811279: I tensorflow/core/common_runtime/bfc_allocator.cc:905] InUse at 0x2b21c1352400 next 109 of size 67108864
2020-04-14 11:44:24.811286: I tensorflow/core/common_runtime/bfc_allocator.cc:905] InUse at 0x2b21c5352400 next 112 of size 67108864
2020-04-14 11:44:24.811292: I tensorflow/core/common_runtime/bfc_allocator.cc:905] InUse at 0x2b21c9352400 next 114 of size 67108864
2020-04-14 11:44:24.811298: I tensorflow/core/common_runtime/bfc_allocator.cc:905] InUse at 0x2b21cd352400 next 111 of size 69206016
2020-04-14 11:44:24.811304: I tensorflow/core/common_runtime/bfc_allocator.cc:905] InUse at 0x2b21d1552400 next 113 of size 69206016
2020-04-14 11:44:24.811310: I tensorflow/core/common_runtime/bfc_allocator.cc:905] InUse at 0x2b21d5752400 next 115 of size 67108864
2020-04-14 11:44:24.811317: I tensorflow/core/common_runtime/bfc_allocator.cc:905] InUse at 0x2b21d9752400 next 116 of size 67108864
2020-04-14 11:44:24.811323: I tensorflow/core/common_runtime/bfc_allocator.cc:905] InUse at 0x2b21dd752400 next 117 of size 67108864
2020-04-14 11:44:24.811329: I tensorflow/core/common_runtime/bfc_allocator.cc:905] InUse at 0x2b21e1752400 next 118 of size 67108864
2020-04-14 11:44:24.811334: I tensorflow/core/common_runtime/bfc_allocator.cc:905] InUse at 0x2b21e5752400 next 121 of size 67108864
2020-04-14 11:44:24.811340: I tensorflow/core/common_runtime/bfc_allocator.cc:905] InUse at 0x2b21e9752400 next 123 of size 67108864
2020-04-14 11:44:24.811346: I tensorflow/core/common_runtime/bfc_allocator.cc:905] InUse at 0x2b21ed752400 next 120 of size 67108864
2020-04-14 11:44:24.811352: I tensorflow/core/common_runtime/bfc_allocator.cc:905] InUse at 0x2b21f1752400 next 122 of size 67108864
2020-04-14 11:44:24.811358: I tensorflow/core/common_runtime/bfc_allocator.cc:905] InUse at 0x2b21f5752400 next 124 of size 67108864
2020-04-14 11:44:24.811364: I tensorflow/core/common_runtime/bfc_allocator.cc:905] InUse at 0x2b21f9752400 next 125 of size 71303168
2020-04-14 11:44:24.811370: I tensorflow/core/common_runtime/bfc_allocator.cc:905] InUse at 0x2b21fdb52400 next 126 of size 71303168
2020-04-14 11:44:24.811376: I tensorflow/core/common_runtime/bfc_allocator.cc:905] InUse at 0x2b2201f52400 next 127 of size 67108864
2020-04-14 11:44:24.811382: I tensorflow/core/common_runtime/bfc_allocator.cc:905] InUse at 0x2b2205f52400 next 128 of size 67108864
2020-04-14 11:44:24.811388: I tensorflow/core/common_runtime/bfc_allocator.cc:905] InUse at 0x2b2209f52400 next 129 of size 67108864
2020-04-14 11:44:24.811394: I tensorflow/core/common_runtime/bfc_allocator.cc:905] InUse at 0x2b220df52400 next 130 of size 67108864
2020-04-14 11:44:24.811400: I tensorflow/core/common_runtime/bfc_allocator.cc:905] InUse at 0x2b2211f52400 next 133 of size 67108864
2020-04-14 11:44:24.811406: I tensorflow/core/common_runtime/bfc_allocator.cc:905] InUse at 0x2b2215f52400 next 135 of size 67108864
2020-04-14 11:44:24.811412: I tensorflow/core/common_runtime/bfc_allocator.cc:905] InUse at 0x2b2219f52400 next 132 of size 71303168
2020-04-14 11:44:24.811418: I tensorflow/core/common_runtime/bfc_allocator.cc:905] InUse at 0x2b221e352400 next 134 of size 71303168
2020-04-14 11:44:24.811424: I tensorflow/core/common_runtime/bfc_allocator.cc:905] InUse at 0x2b2222752400 next 136 of size 67108864
2020-04-14 11:44:24.811429: I tensorflow/core/common_runtime/bfc_allocator.cc:905] InUse at 0x2b2226752400 next 137 of size 67108864
2020-04-14 11:44:24.811435: I tensorflow/core/common_runtime/bfc_allocator.cc:905] InUse at 0x2b222a752400 next 138 of size 67108864
2020-04-14 11:44:24.811441: I tensorflow/core/common_runtime/bfc_allocator.cc:905] InUse at 0x2b222e752400 next 139 of size 67108864
2020-04-14 11:44:24.811447: I tensorflow/core/common_runtime/bfc_allocator.cc:905] InUse at 0x2b2232752400 next 142 of size 67108864
2020-04-14 11:44:24.811452: I tensorflow/core/common_runtime/bfc_allocator.cc:905] InUse at 0x2b2236752400 next 144 of size 67108864
2020-04-14 11:44:24.811458: I tensorflow/core/common_runtime/bfc_allocator.cc:905] InUse at 0x2b223a752400 next 141 of size 67108864
2020-04-14 11:44:24.811464: I tensorflow/core/common_runtime/bfc_allocator.cc:905] InUse at 0x2b223e752400 next 143 of size 67108864
2020-04-14 11:44:24.811470: I tensorflow/core/common_runtime/bfc_allocator.cc:905] InUse at 0x2b2242752400 next 145 of size 67108864
2020-04-14 11:44:24.811476: I tensorflow/core/common_runtime/bfc_allocator.cc:905] InUse at 0x2b2246752400 next 146 of size 75497472
2020-04-14 11:44:24.811481: I tensorflow/core/common_runtime/bfc_allocator.cc:905] InUse at 0x2b224af52400 next 147 of size 75497472
2020-04-14 11:44:24.811487: I tensorflow/core/common_runtime/bfc_allocator.cc:905] InUse at 0x2b224f752400 next 148 of size 67108864
2020-04-14 11:44:24.811493: I tensorflow/core/common_runtime/bfc_allocator.cc:905] InUse at 0x2b2253752400 next 149 of size 67108864
2020-04-14 11:44:24.811499: I tensorflow/core/common_runtime/bfc_allocator.cc:905] InUse at 0x2b2257752400 next 150 of size 67108864
2020-04-14 11:44:24.811504: I tensorflow/core/common_runtime/bfc_allocator.cc:905] InUse at 0x2b225b752400 next 151 of size 67108864
2020-04-14 11:44:24.811510: I tensorflow/core/common_runtime/bfc_allocator.cc:905] InUse at 0x2b225f752400 next 154 of size 67108864
2020-04-14 11:44:24.811516: I tensorflow/core/common_runtime/bfc_allocator.cc:905] InUse at 0x2b2263752400 next 152 of size 67108864
2020-04-14 11:44:24.811522: I tensorflow/core/common_runtime/bfc_allocator.cc:905] InUse at 0x2b2267752400 next 153 of size 75497472
2020-04-14 11:44:24.811528: I tensorflow/core/common_runtime/bfc_allocator.cc:905] InUse at 0x2b226bf52400 next 156 of size 75497472
2020-04-14 11:44:24.811534: I tensorflow/core/common_runtime/bfc_allocator.cc:905] InUse at 0x2b2270752400 next 157 of size 67108864
2020-04-14 11:44:24.811540: I tensorflow/core/common_runtime/bfc_allocator.cc:905] InUse at 0x2b2274752400 next 158 of size 67108864
2020-04-14 11:44:24.811546: I tensorflow/core/common_runtime/bfc_allocator.cc:905] InUse at 0x2b2278752400 next 159 of size 67108864
2020-04-14 11:44:24.811552: I tensorflow/core/common_runtime/bfc_allocator.cc:905] InUse at 0x2b227c752400 next 160 of size 67108864
2020-04-14 11:44:24.811558: I tensorflow/core/common_runtime/bfc_allocator.cc:905] InUse at 0x2b2280752400 next 163 of size 67108864
2020-04-14 11:44:24.811564: I tensorflow/core/common_runtime/bfc_allocator.cc:905] InUse at 0x2b2284752400 next 164 of size 67108864
2020-04-14 11:44:24.811569: I tensorflow/core/common_runtime/bfc_allocator.cc:905] InUse at 0x2b2288752400 next 162 of size 67108864
2020-04-14 11:44:24.811575: I tensorflow/core/common_runtime/bfc_allocator.cc:905] InUse at 0x2b228c752400 next 165 of size 67108864
2020-04-14 11:44:24.811581: I tensorflow/core/common_runtime/bfc_allocator.cc:905] InUse at 0x2b2290752400 next 166 of size 67108864
2020-04-14 11:44:24.811587: I tensorflow/core/common_runtime/bfc_allocator.cc:905] InUse at 0x2b2294752400 next 167 of size 83886080
2020-04-14 11:44:24.811593: I tensorflow/core/common_runtime/bfc_allocator.cc:905] InUse at 0x2b2299752400 next 168 of size 83886080
2020-04-14 11:44:24.811599: I tensorflow/core/common_runtime/bfc_allocator.cc:905] InUse at 0x2b229e752400 next 169 of size 67108864
2020-04-14 11:44:24.811605: I tensorflow/core/common_runtime/bfc_allocator.cc:905] InUse at 0x2b22a2752400 next 170 of size 67108864
2020-04-14 11:44:24.811610: I tensorflow/core/common_runtime/bfc_allocator.cc:905] InUse at 0x2b22a6752400 next 171 of size 67108864
2020-04-14 11:44:24.811629: I tensorflow/core/common_runtime/bfc_allocator.cc:905] InUse at 0x2b22aa752400 next 172 of size 67108864
2020-04-14 11:44:24.811635: I tensorflow/core/common_runtime/bfc_allocator.cc:905] InUse at 0x2b22ae752400 next 174 of size 524288
2020-04-14 11:44:24.811641: I tensorflow/core/common_runtime/bfc_allocator.cc:905] InUse at 0x2b22ae7d2400 next 175 of size 67108864
2020-04-14 11:44:24.811646: I tensorflow/core/common_runtime/bfc_allocator.cc:905] InUse at 0x2b22b27d2400 next 176 of size 67108864
2020-04-14 11:44:24.811652: I tensorflow/core/common_runtime/bfc_allocator.cc:905] InUse at 0x2b22b67d2400 next 177 of size 83886080
2020-04-14 11:44:24.811658: I tensorflow/core/common_runtime/bfc_allocator.cc:905] InUse at 0x2b22bb7d2400 next 178 of size 83886080
2020-04-14 11:44:24.811664: I tensorflow/core/common_runtime/bfc_allocator.cc:905] InUse at 0x2b22c07d2400 next 179 of size 67108864
2020-04-14 11:44:24.811669: I tensorflow/core/common_runtime/bfc_allocator.cc:905] InUse at 0x2b22c47d2400 next 180 of size 67108864
2020-04-14 11:44:24.811675: I tensorflow/core/common_runtime/bfc_allocator.cc:905] InUse at 0x2b22c87d2400 next 181 of size 67108864
2020-04-14 11:44:24.811681: I tensorflow/core/common_runtime/bfc_allocator.cc:905] InUse at 0x2b22cc7d2400 next 182 of size 67108864
2020-04-14 11:44:24.811686: I tensorflow/core/common_runtime/bfc_allocator.cc:905] InUse at 0x2b22d07d2400 next 183 of size 524288
2020-04-14 11:44:24.811692: I tensorflow/core/common_runtime/bfc_allocator.cc:905] InUse at 0x2b22d0852400 next 185 of size 67108864
2020-04-14 11:44:24.811698: I tensorflow/core/common_runtime/bfc_allocator.cc:905] InUse at 0x2b22d4852400 next 184 of size 67108864
2020-04-14 11:44:24.811704: I tensorflow/core/common_runtime/bfc_allocator.cc:905] InUse at 0x2b22d8852400 next 186 of size 67108864
2020-04-14 11:44:24.811710: I tensorflow/core/common_runtime/bfc_allocator.cc:905] InUse at 0x2b22dc852400 next 187 of size 67108864
2020-04-14 11:44:24.811716: I tensorflow/core/common_runtime/bfc_allocator.cc:905] InUse at 0x2b22e0852400 next 188 of size 67108864
2020-04-14 11:44:24.811722: I tensorflow/core/common_runtime/bfc_allocator.cc:905] InUse at 0x2b22e4852400 next 189 of size 100663296
2020-04-14 11:44:24.811728: I tensorflow/core/common_runtime/bfc_allocator.cc:905] InUse at 0x2b22ea852400 next 190 of size 100663296
2020-04-14 11:44:24.811734: I tensorflow/core/common_runtime/bfc_allocator.cc:905] InUse at 0x2b22f0852400 next 191 of size 67108864
2020-04-14 11:44:24.811740: I tensorflow/core/common_runtime/bfc_allocator.cc:905] InUse at 0x2b22f4852400 next 192 of size 67108864
2020-04-14 11:44:24.811746: I tensorflow/core/common_runtime/bfc_allocator.cc:905] InUse at 0x2b22f8852400 next 193 of size 67108864
2020-04-14 11:44:24.811751: I tensorflow/core/common_runtime/bfc_allocator.cc:905] InUse at 0x2b22fc852400 next 194 of size 67108864
2020-04-14 11:44:24.811757: I tensorflow/core/common_runtime/bfc_allocator.cc:905] InUse at 0x2b2300852400 next 195 of size 524288
2020-04-14 11:44:24.811763: I tensorflow/core/common_runtime/bfc_allocator.cc:905] InUse at 0x2b23008d2400 next 197 of size 67108864
2020-04-14 11:44:24.811769: I tensorflow/core/common_runtime/bfc_allocator.cc:905] InUse at 0x2b23048d2400 next 196 of size 67108864
2020-04-14 11:44:24.811775: I tensorflow/core/common_runtime/bfc_allocator.cc:905] InUse at 0x2b23088d2400 next 198 of size 100663296
2020-04-14 11:44:24.811781: I tensorflow/core/common_runtime/bfc_allocator.cc:905] InUse at 0x2b230e8d2400 next 199 of size 100663296
2020-04-14 11:44:24.811787: I tensorflow/core/common_runtime/bfc_allocator.cc:905] InUse at 0x2b23148d2400 next 200 of size 67108864
2020-04-14 11:44:24.811792: I tensorflow/core/common_runtime/bfc_allocator.cc:905] InUse at 0x2b23188d2400 next 201 of size 67108864
2020-04-14 11:44:24.811798: I tensorflow/core/common_runtime/bfc_allocator.cc:905] InUse at 0x2b231c8d2400 next 202 of size 67108864
2020-04-14 11:44:24.811804: I tensorflow/core/common_runtime/bfc_allocator.cc:905] InUse at 0x2b23208d2400 next 203 of size 67108864
2020-04-14 11:44:24.811810: I tensorflow/core/common_runtime/bfc_allocator.cc:905] InUse at 0x2b23248d2400 next 204 of size 524288
2020-04-14 11:44:24.811815: I tensorflow/core/common_runtime/bfc_allocator.cc:905] InUse at 0x2b2324952400 next 206 of size 67108864
2020-04-14 11:44:24.811821: I tensorflow/core/common_runtime/bfc_allocator.cc:905] InUse at 0x2b2328952400 next 205 of size 67108864
2020-04-14 11:44:24.811827: I tensorflow/core/common_runtime/bfc_allocator.cc:905] InUse at 0x2b232c952400 next 207 of size 67108864
2020-04-14 11:44:24.811832: I tensorflow/core/common_runtime/bfc_allocator.cc:905] InUse at 0x2b2330952400 next 208 of size 67108864
2020-04-14 11:44:24.811838: I tensorflow/core/common_runtime/bfc_allocator.cc:905] InUse at 0x2b2334952400 next 209 of size 67108864
2020-04-14 11:44:24.811844: I tensorflow/core/common_runtime/bfc_allocator.cc:905] InUse at 0x2b2338952400 next 210 of size 68157440
2020-04-14 11:44:24.811849: I tensorflow/core/common_runtime/bfc_allocator.cc:905] InUse at 0x2b233ca52400 next 211 of size 67108864
2020-04-14 11:44:24.811855: I tensorflow/core/common_runtime/bfc_allocator.cc:905] InUse at 0x2b2340a52400 next 212 of size 67108864
2020-04-14 11:44:24.811861: I tensorflow/core/common_runtime/bfc_allocator.cc:905] InUse at 0x2b2344a52400 next 213 of size 67108864
2020-04-14 11:44:24.811867: I tensorflow/core/common_runtime/bfc_allocator.cc:905] InUse at 0x2b2348a52400 next 214 of size 524288
2020-04-14 11:44:24.811872: I tensorflow/core/common_runtime/bfc_allocator.cc:905] InUse at 0x2b2348ad2400 next 216 of size 67108864
2020-04-14 11:44:24.811878: I tensorflow/core/common_runtime/bfc_allocator.cc:905] InUse at 0x2b234cad2400 next 215 of size 67108864
2020-04-14 11:44:24.811883: I tensorflow/core/common_runtime/bfc_allocator.cc:905] InUse at 0x2b2350ad2400 next 217 of size 68157440
2020-04-14 11:44:24.811895: I tensorflow/core/common_runtime/bfc_allocator.cc:905] InUse at 0x2b2354bd2400 next 218 of size 67108864
2020-04-14 11:44:24.811901: I tensorflow/core/common_runtime/bfc_allocator.cc:905] InUse at 0x2b2358bd2400 next 219 of size 67108864
2020-04-14 11:44:24.811907: I tensorflow/core/common_runtime/bfc_allocator.cc:905] InUse at 0x2b235cbd2400 next 220 of size 67108864
2020-04-14 11:44:24.811913: I tensorflow/core/common_runtime/bfc_allocator.cc:905] InUse at 0x2b2360bd2400 next 221 of size 524288
2020-04-14 11:44:24.811919: I tensorflow/core/common_runtime/bfc_allocator.cc:905] InUse at 0x2b2360c52400 next 223 of size 67108864
2020-04-14 11:44:24.811925: I tensorflow/core/common_runtime/bfc_allocator.cc:905] InUse at 0x2b2364c52400 next 222 of size 67108864
2020-04-14 11:44:24.811931: I tensorflow/core/common_runtime/bfc_allocator.cc:905] InUse at 0x2b2368c52400 next 224 of size 67108864
2020-04-14 11:44:24.811936: I tensorflow/core/common_runtime/bfc_allocator.cc:905] InUse at 0x2b236cc52400 next 225 of size 67108864
2020-04-14 11:44:24.811942: I tensorflow/core/common_runtime/bfc_allocator.cc:905] InUse at 0x2b2370c52400 next 226 of size 67108864
2020-04-14 11:44:24.811948: I tensorflow/core/common_runtime/bfc_allocator.cc:905] InUse at 0x2b2374c52400 next 227 of size 69206016
2020-04-14 11:44:24.811955: I tensorflow/core/common_runtime/bfc_allocator.cc:905] InUse at 0x2b2378e52400 next 228 of size 69206016
2020-04-14 11:44:24.811961: I tensorflow/core/common_runtime/bfc_allocator.cc:905] InUse at 0x2b237d052400 next 229 of size 67108864
2020-04-14 11:44:24.811967: I tensorflow/core/common_runtime/bfc_allocator.cc:905] InUse at 0x2b2381052400 next 230 of size 67108864
2020-04-14 11:44:24.811973: I tensorflow/core/common_runtime/bfc_allocator.cc:905] InUse at 0x2b2385052400 next 231 of size 67108864
2020-04-14 11:44:24.811979: I tensorflow/core/common_runtime/bfc_allocator.cc:905] InUse at 0x2b2389052400 next 232 of size 67108864
2020-04-14 11:44:24.811984: I tensorflow/core/common_runtime/bfc_allocator.cc:905] InUse at 0x2b238d052400 next 233 of size 524288
2020-04-14 11:44:24.811990: I tensorflow/core/common_runtime/bfc_allocator.cc:905] InUse at 0x2b238d0d2400 next 235 of size 67108864
2020-04-14 11:44:24.811996: I tensorflow/core/common_runtime/bfc_allocator.cc:905] InUse at 0x2b23910d2400 next 234 of size 67108864
2020-04-14 11:44:24.812002: I tensorflow/core/common_runtime/bfc_allocator.cc:905] InUse at 0x2b23950d2400 next 236 of size 69206016
2020-04-14 11:44:24.812007: I tensorflow/core/common_runtime/bfc_allocator.cc:905] InUse at 0x2b23992d2400 next 237 of size 69206016
2020-04-14 11:44:24.812013: I tensorflow/core/common_runtime/bfc_allocator.cc:905] InUse at 0x2b239d4d2400 next 238 of size 67108864
2020-04-14 11:44:24.812020: I tensorflow/core/common_runtime/bfc_allocator.cc:905] InUse at 0x2b23a14d2400 next 239 of size 67108864
2020-04-14 11:44:24.812025: I tensorflow/core/common_runtime/bfc_allocator.cc:905] InUse at 0x2b23a54d2400 next 240 of size 67108864
2020-04-14 11:44:24.812031: I tensorflow/core/common_runtime/bfc_allocator.cc:905] InUse at 0x2b23a94d2400 next 241 of size 67108864
2020-04-14 11:44:24.812037: I tensorflow/core/common_runtime/bfc_allocator.cc:905] InUse at 0x2b23ad4d2400 next 242 of size 524288
2020-04-14 11:44:24.812043: I tensorflow/core/common_runtime/bfc_allocator.cc:905] InUse at 0x2b23ad552400 next 244 of size 67108864
2020-04-14 11:44:24.812049: I tensorflow/core/common_runtime/bfc_allocator.cc:905] InUse at 0x2b23b1552400 next 243 of size 67108864
2020-04-14 11:44:24.812054: I tensorflow/core/common_runtime/bfc_allocator.cc:905] InUse at 0x2b23b5552400 next 245 of size 67108864
2020-04-14 11:44:24.812060: I tensorflow/core/common_runtime/bfc_allocator.cc:905] InUse at 0x2b23b9552400 next 246 of size 67108864
2020-04-14 11:44:24.812066: I tensorflow/core/common_runtime/bfc_allocator.cc:905] InUse at 0x2b23bd552400 next 247 of size 67108864
2020-04-14 11:44:24.812072: I tensorflow/core/common_runtime/bfc_allocator.cc:905] InUse at 0x2b23c1552400 next 248 of size 71303168
2020-04-14 11:44:24.812077: I tensorflow/core/common_runtime/bfc_allocator.cc:905] InUse at 0x2b23c5952400 next 249 of size 71303168
2020-04-14 11:44:24.812083: I tensorflow/core/common_runtime/bfc_allocator.cc:905] InUse at 0x2b23c9d52400 next 250 of size 67108864
2020-04-14 11:44:24.812089: I tensorflow/core/common_runtime/bfc_allocator.cc:905] InUse at 0x2b23cdd52400 next 251 of size 67108864
2020-04-14 11:44:24.812095: I tensorflow/core/common_runtime/bfc_allocator.cc:905] InUse at 0x2b23d1d52400 next 252 of size 67108864
2020-04-14 11:44:24.812100: I tensorflow/core/common_runtime/bfc_allocator.cc:905] InUse at 0x2b23d5d52400 next 253 of size 67108864
2020-04-14 11:44:24.812106: I tensorflow/core/common_runtime/bfc_allocator.cc:905] InUse at 0x2b23d9d52400 next 254 of size 524288
2020-04-14 11:44:24.812112: I tensorflow/core/common_runtime/bfc_allocator.cc:905] InUse at 0x2b23d9dd2400 next 256 of size 67108864
2020-04-14 11:44:24.812216: I tensorflow/core/common_runtime/bfc_allocator.cc:905] InUse at 0x2b23dddd2400 next 255 of size 67108864
2020-04-14 11:44:24.812230: I tensorflow/core/common_runtime/bfc_allocator.cc:905] InUse at 0x2b23e1dd2400 next 257 of size 71303168
2020-04-14 11:44:24.812236: I tensorflow/core/common_runtime/bfc_allocator.cc:905] InUse at 0x2b23e61d2400 next 258 of size 71303168
2020-04-14 11:44:24.812242: I tensorflow/core/common_runtime/bfc_allocator.cc:905] InUse at 0x2b23ea5d2400 next 259 of size 67108864
2020-04-14 11:44:24.812247: I tensorflow/core/common_runtime/bfc_allocator.cc:905] InUse at 0x2b23ee5d2400 next 260 of size 67108864
2020-04-14 11:44:24.812253: I tensorflow/core/common_runtime/bfc_allocator.cc:905] InUse at 0x2b23f25d2400 next 261 of size 67108864
2020-04-14 11:44:24.812259: I tensorflow/core/common_runtime/bfc_allocator.cc:905] InUse at 0x2b23f65d2400 next 262 of size 67108864
2020-04-14 11:44:24.812265: I tensorflow/core/common_runtime/bfc_allocator.cc:905] InUse at 0x2b23fa5d2400 next 263 of size 524288
2020-04-14 11:44:24.812270: I tensorflow/core/common_runtime/bfc_allocator.cc:905] InUse at 0x2b23fa652400 next 265 of size 67108864
2020-04-14 11:44:24.812276: I tensorflow/core/common_runtime/bfc_allocator.cc:905] InUse at 0x2b23fe652400 next 264 of size 67108864
2020-04-14 11:44:24.812282: I tensorflow/core/common_runtime/bfc_allocator.cc:905] InUse at 0x2b2402652400 next 266 of size 67108864
2020-04-14 11:44:24.812287: I tensorflow/core/common_runtime/bfc_allocator.cc:905] InUse at 0x2b2406652400 next 267 of size 67108864
2020-04-14 11:44:24.812293: I tensorflow/core/common_runtime/bfc_allocator.cc:905] InUse at 0x2b240a652400 next 268 of size 67108864
2020-04-14 11:44:24.812299: I tensorflow/core/common_runtime/bfc_allocator.cc:905] InUse at 0x2b240e652400 next 269 of size 75497472
2020-04-14 11:44:24.812305: I tensorflow/core/common_runtime/bfc_allocator.cc:905] InUse at 0x2b2412e52400 next 270 of size 75497472
2020-04-14 11:44:24.812310: I tensorflow/core/common_runtime/bfc_allocator.cc:905] InUse at 0x2b2417652400 next 271 of size 67108864
2020-04-14 11:44:24.812316: I tensorflow/core/common_runtime/bfc_allocator.cc:905] InUse at 0x2b241b652400 next 272 of size 67108864
2020-04-14 11:44:24.812322: I tensorflow/core/common_runtime/bfc_allocator.cc:905] InUse at 0x2b241f652400 next 273 of size 67108864
2020-04-14 11:44:24.812327: I tensorflow/core/common_runtime/bfc_allocator.cc:905] InUse at 0x2b2423652400 next 274 of size 67108864
2020-04-14 11:44:24.812333: I tensorflow/core/common_runtime/bfc_allocator.cc:905] InUse at 0x2b2427652400 next 275 of size 524288
2020-04-14 11:44:24.812492: I tensorflow/core/common_runtime/bfc_allocator.cc:905] InUse at 0x2b24276d2400 next 277 of size 67108864
2020-04-14 11:44:24.812506: I tensorflow/core/common_runtime/bfc_allocator.cc:905] InUse at 0x2b242b6d2400 next 276 of size 67108864
2020-04-14 11:44:24.812512: I tensorflow/core/common_runtime/bfc_allocator.cc:905] InUse at 0x2b242f6d2400 next 278 of size 75497472
2020-04-14 11:44:24.812518: I tensorflow/core/common_runtime/bfc_allocator.cc:905] InUse at 0x2b2433ed2400 next 279 of size 75497472
2020-04-14 11:44:24.812524: I tensorflow/core/common_runtime/bfc_allocator.cc:905] InUse at 0x2b24386d2400 next 280 of size 67108864
2020-04-14 11:44:24.812529: I tensorflow/core/common_runtime/bfc_allocator.cc:905] InUse at 0x2b243c6d2400 next 281 of size 67108864
2020-04-14 11:44:24.812606: I tensorflow/core/common_runtime/bfc_allocator.cc:905] InUse at 0x2b24406d2400 next 282 of size 67108864
2020-04-14 11:44:24.812620: I tensorflow/core/common_runtime/bfc_allocator.cc:905] InUse at 0x2b24446d2400 next 283 of size 67108864
2020-04-14 11:44:24.812626: I tensorflow/core/common_runtime/bfc_allocator.cc:905] InUse at 0x2b24486d2400 next 284 of size 524288
2020-04-14 11:44:24.812631: I tensorflow/core/common_runtime/bfc_allocator.cc:905] InUse at 0x2b2448752400 next 286 of size 67108864
2020-04-14 11:44:24.812637: I tensorflow/core/common_runtime/bfc_allocator.cc:905] InUse at 0x2b244c752400 next 285 of size 67108864
2020-04-14 11:44:24.812706: I tensorflow/core/common_runtime/bfc_allocator.cc:905] InUse at 0x2b2450752400 next 287 of size 67108864
2020-04-14 11:44:24.812719: I tensorflow/core/common_runtime/bfc_allocator.cc:905] InUse at 0x2b2454752400 next 288 of size 67108864
2020-04-14 11:44:24.812726: I tensorflow/core/common_runtime/bfc_allocator.cc:905] InUse at 0x2b2458752400 next 289 of size 67108864
2020-04-14 11:44:24.812731: I tensorflow/core/common_runtime/bfc_allocator.cc:905] InUse at 0x2b245c752400 next 290 of size 83886080
2020-04-14 11:44:24.812737: I tensorflow/core/common_runtime/bfc_allocator.cc:905] InUse at 0x2b2461752400 next 291 of size 83886080
2020-04-14 11:44:24.812743: I tensorflow/core/common_runtime/bfc_allocator.cc:905] InUse at 0x2b2466752400 next 292 of size 67108864
2020-04-14 11:44:24.812811: I tensorflow/core/common_runtime/bfc_allocator.cc:905] InUse at 0x2b246a752400 next 293 of size 67108864
2020-04-14 11:44:24.812824: I tensorflow/core/common_runtime/bfc_allocator.cc:905] InUse at 0x2b246e752400 next 294 of size 67108864
2020-04-14 11:44:24.812830: I tensorflow/core/common_runtime/bfc_allocator.cc:905] InUse at 0x2b2472752400 next 295 of size 67108864
2020-04-14 11:44:24.812836: I tensorflow/core/common_runtime/bfc_allocator.cc:905] InUse at 0x2b2476752400 next 296 of size 524288
2020-04-14 11:44:24.812842: I tensorflow/core/common_runtime/bfc_allocator.cc:905] InUse at 0x2b24767d2400 next 298 of size 67108864
2020-04-14 11:44:24.812922: I tensorflow/core/common_runtime/bfc_allocator.cc:905] InUse at 0x2b247a7d2400 next 297 of size 67108864
2020-04-14 11:44:24.812936: I tensorflow/core/common_runtime/bfc_allocator.cc:905] InUse at 0x2b247e7d2400 next 299 of size 83886080
2020-04-14 11:44:24.812942: I tensorflow/core/common_runtime/bfc_allocator.cc:905] InUse at 0x2b24837d2400 next 300 of size 83886080
2020-04-14 11:44:24.812948: I tensorflow/core/common_runtime/bfc_allocator.cc:905] InUse at 0x2b24887d2400 next 301 of size 67108864
2020-04-14 11:44:24.812953: I tensorflow/core/common_runtime/bfc_allocator.cc:905] InUse at 0x2b248c7d2400 next 302 of size 67108864
2020-04-14 11:44:24.813027: I tensorflow/core/common_runtime/bfc_allocator.cc:905] InUse at 0x2b24907d2400 next 303 of size 67108864
2020-04-14 11:44:24.813040: I tensorflow/core/common_runtime/bfc_allocator.cc:905] InUse at 0x2b24947d2400 next 304 of size 67108864
2020-04-14 11:44:24.813046: I tensorflow/core/common_runtime/bfc_allocator.cc:905] InUse at 0x2b24987d2400 next 305 of size 524288
2020-04-14 11:44:24.813052: I tensorflow/core/common_runtime/bfc_allocator.cc:905] InUse at 0x2b2498852400 next 307 of size 67108864
2020-04-14 11:44:24.813058: I tensorflow/core/common_runtime/bfc_allocator.cc:905] InUse at 0x2b249c852400 next 306 of size 67108864
2020-04-14 11:44:24.813131: I tensorflow/core/common_runtime/bfc_allocator.cc:905] InUse at 0x2b24a0852400 next 308 of size 67108864
2020-04-14 11:44:24.813144: I tensorflow/core/common_runtime/bfc_allocator.cc:905] InUse at 0x2b24a4852400 next 309 of size 67108864
2020-04-14 11:44:24.813150: I tensorflow/core/common_runtime/bfc_allocator.cc:905] InUse at 0x2b24a8852400 next 310 of size 67108864
2020-04-14 11:44:24.813156: I tensorflow/core/common_runtime/bfc_allocator.cc:905] InUse at 0x2b24ac852400 next 311 of size 100663296
2020-04-14 11:44:24.813162: I tensorflow/core/common_runtime/bfc_allocator.cc:905] InUse at 0x2b24b2852400 next 312 of size 100663296
2020-04-14 11:44:24.813168: I tensorflow/core/common_runtime/bfc_allocator.cc:905] InUse at 0x2b24b8852400 next 313 of size 67108864
2020-04-14 11:44:24.813188: I tensorflow/core/common_runtime/bfc_allocator.cc:905] InUse at 0x2b24bc852400 next 314 of size 67108864
2020-04-14 11:44:24.813255: I tensorflow/core/common_runtime/bfc_allocator.cc:905] InUse at 0x2b24c0852400 next 315 of size 67108864
2020-04-14 11:44:24.813268: I tensorflow/core/common_runtime/bfc_allocator.cc:905] InUse at 0x2b24c4852400 next 316 of size 67108864
2020-04-14 11:44:24.813274: I tensorflow/core/common_runtime/bfc_allocator.cc:905] Free  at 0x2b24c8852400 next 317 of size 524288
2020-04-14 11:44:24.813280: I tensorflow/core/common_runtime/bfc_allocator.cc:905] InUse at 0x2b24c88d2400 next 319 of size 67108864
2020-04-14 11:44:24.813285: I tensorflow/core/common_runtime/bfc_allocator.cc:905] InUse at 0x2b24cc8d2400 next 318 of size 67108864
2020-04-14 11:44:24.813291: I tensorflow/core/common_runtime/bfc_allocator.cc:905] InUse at 0x2b24d08d2400 next 320 of size 100663296
2020-04-14 11:44:24.813297: I tensorflow/core/common_runtime/bfc_allocator.cc:905] InUse at 0x2b24d68d2400 next 321 of size 100663296
2020-04-14 11:44:24.813318: I tensorflow/core/common_runtime/bfc_allocator.cc:905] InUse at 0x2b24dc8d2400 next 322 of size 67108864
2020-04-14 11:44:24.813392: I tensorflow/core/common_runtime/bfc_allocator.cc:905] InUse at 0x2b24e08d2400 next 323 of size 67108864
2020-04-14 11:44:24.813406: I tensorflow/core/common_runtime/bfc_allocator.cc:905] InUse at 0x2b24e48d2400 next 324 of size 67108864
2020-04-14 11:44:24.813412: I tensorflow/core/common_runtime/bfc_allocator.cc:905] InUse at 0x2b24e88d2400 next 325 of size 67108864
2020-04-14 11:44:24.813417: I tensorflow/core/common_runtime/bfc_allocator.cc:905] Free  at 0x2b24ec8d2400 next 326 of size 524288
2020-04-14 11:44:24.813423: I tensorflow/core/common_runtime/bfc_allocator.cc:905] InUse at 0x2b24ec952400 next 328 of size 67108864
2020-04-14 11:44:24.813429: I tensorflow/core/common_runtime/bfc_allocator.cc:905] InUse at 0x2b24f0952400 next 327 of size 67108864
2020-04-14 11:44:24.813434: I tensorflow/core/common_runtime/bfc_allocator.cc:905] InUse at 0x2b24f4952400 next 329 of size 67108864
2020-04-14 11:44:24.813440: I tensorflow/core/common_runtime/bfc_allocator.cc:905] InUse at 0x2b24f8952400 next 330 of size 67108864
2020-04-14 11:44:24.813446: I tensorflow/core/common_runtime/bfc_allocator.cc:905] InUse at 0x2b24fc952400 next 331 of size 67108864
2020-04-14 11:44:24.813519: I tensorflow/core/common_runtime/bfc_allocator.cc:905] InUse at 0x2b2500952400 next 332 of size 67108864
2020-04-14 11:44:24.813533: I tensorflow/core/common_runtime/bfc_allocator.cc:905] InUse at 0x2b2504952400 next 333 of size 67108864
2020-04-14 11:44:24.813539: I tensorflow/core/common_runtime/bfc_allocator.cc:905] InUse at 0x2b2508952400 next 334 of size 67108864
2020-04-14 11:44:24.813545: I tensorflow/core/common_runtime/bfc_allocator.cc:905] InUse at 0x2b250c952400 next 335 of size 67108864
2020-04-14 11:44:24.813551: I tensorflow/core/common_runtime/bfc_allocator.cc:905] InUse at 0x2b2510952400 next 336 of size 67108864
2020-04-14 11:44:24.813556: I tensorflow/core/common_runtime/bfc_allocator.cc:905] InUse at 0x2b2514952400 next 337 of size 67108864
2020-04-14 11:44:24.813563: I tensorflow/core/common_runtime/bfc_allocator.cc:905] InUse at 0x2b2518952400 next 18446744073709551615 of size 108197120
2020-04-14 11:44:24.813569: I tensorflow/core/common_runtime/bfc_allocator.cc:914]      Summary of in-use Chunks by size: 
2020-04-14 11:44:24.813577: I tensorflow/core/common_runtime/bfc_allocator.cc:917] 1 Chunks of size 256 totalling 256B
2020-04-14 11:44:24.813585: I tensorflow/core/common_runtime/bfc_allocator.cc:917] 37 Chunks of size 512 totalling 18.5KiB
2020-04-14 11:44:24.813674: I tensorflow/core/common_runtime/bfc_allocator.cc:917] 1 Chunks of size 1280 totalling 1.2KiB
2020-04-14 11:44:24.813688: I tensorflow/core/common_runtime/bfc_allocator.cc:917] 1 Chunks of size 2560 totalling 2.5KiB
2020-04-14 11:44:24.813695: I tensorflow/core/common_runtime/bfc_allocator.cc:917] 11 Chunks of size 65536 totalling 704.0KiB
2020-04-14 11:44:24.813702: I tensorflow/core/common_runtime/bfc_allocator.cc:917] 24 Chunks of size 196608 totalling 4.50MiB
2020-04-14 11:44:24.813709: I tensorflow/core/common_runtime/bfc_allocator.cc:917] 24 Chunks of size 524288 totalling 12.00MiB
2020-04-14 11:44:24.813715: I tensorflow/core/common_runtime/bfc_allocator.cc:917] 1 Chunks of size 2621440 totalling 2.50MiB
2020-04-14 11:44:24.813722: I tensorflow/core/common_runtime/bfc_allocator.cc:917] 184 Chunks of size 67108864 totalling 11.50GiB
2020-04-14 11:44:24.813729: I tensorflow/core/common_runtime/bfc_allocator.cc:917] 4 Chunks of size 68157440 totalling 260.00MiB
2020-04-14 11:44:24.813735: I tensorflow/core/common_runtime/bfc_allocator.cc:917] 8 Chunks of size 69206016 totalling 528.00MiB
2020-04-14 11:44:24.813742: I tensorflow/core/common_runtime/bfc_allocator.cc:917] 8 Chunks of size 71303168 totalling 544.00MiB
2020-04-14 11:44:24.813748: I tensorflow/core/common_runtime/bfc_allocator.cc:917] 8 Chunks of size 75497472 totalling 576.00MiB
2020-04-14 11:44:24.813755: I tensorflow/core/common_runtime/bfc_allocator.cc:917] 8 Chunks of size 83886080 totalling 640.00MiB
2020-04-14 11:44:24.813828: I tensorflow/core/common_runtime/bfc_allocator.cc:917] 8 Chunks of size 100663296 totalling 768.00MiB
2020-04-14 11:44:24.813841: I tensorflow/core/common_runtime/bfc_allocator.cc:917] 1 Chunks of size 108197120 totalling 103.18MiB
2020-04-14 11:44:24.813848: I tensorflow/core/common_runtime/bfc_allocator.cc:921] Sum Total of in-use chunks: 14.86GiB
2020-04-14 11:44:24.813855: I tensorflow/core/common_runtime/bfc_allocator.cc:923] total_region_allocated_bytes_: 15955663104 memory_limit_: 15955663258 available bytes: 154 curr_region_allocation_bytes_: 31911326720
2020-04-14 11:44:24.813865: I tensorflow/core/common_runtime/bfc_allocator.cc:929] Stats: 
Limit:                 15955663258
InUse:                 15953972992
MaxInUse:              15953972992
NumAllocs:                    1025
MaxAllocSize:           1159856640

2020-04-14 11:44:24.813883: W tensorflow/core/common_runtime/bfc_allocator.cc:424] ****************************************************************************************************
2020-04-14 11:44:24.813929: W tensorflow/core/framework/op_kernel.cc:1622] OP_REQUIRES failed at cwise_ops_common.cc:82 : Resource exhausted: OOM when allocating tensor with shape[1024,128,128] and type float on /job:localhost/replica:0/task:0/device:GPU:0 by allocator GPU_0_bfc

wandb: Waiting for W&B process to finish, PID 23296
Traceback (most recent call last):
  File "/home/tmarcu/.conda/envs/brain2brain_env/lib/python3.7/runpy.py", line 193, in _run_module_as_main
    "__main__", mod_spec)
  File "/home/tmarcu/.conda/envs/brain2brain_env/lib/python3.7/runpy.py", line 85, in _run_code
    exec(code, run_globals)
  File "/home/tmarcu/brain2brain/brain2brain/__main__.py", line 65, in <module>
    main()
  File "/home/tmarcu/brain2brain/brain2brain/__main__.py", line 47, in main
    tcn_experiments.tcn_m2o_seq(experiment_params)
  File "/home/tmarcu/brain2brain/brain2brain/tcn_experiments.py", line 803, in tcn_m2o_seq
    validation_steps=val_steps)
  File "/home/tmarcu/.conda/envs/brain2brain_env/lib/python3.7/site-packages/tensorflow_core/python/keras/engine/training.py", line 1297, in fit_generator
    steps_name='steps_per_epoch')
  File "/home/tmarcu/.conda/envs/brain2brain_env/lib/python3.7/site-packages/wandb/keras/__init__.py", line 104, in new_generator
    return old_generator(*args, **kwargs)
  File "/home/tmarcu/.conda/envs/brain2brain_env/lib/python3.7/site-packages/tensorflow_core/python/keras/engine/training_generator.py", line 265, in model_iteration
    batch_outs = batch_function(*batch_data)
  File "/home/tmarcu/.conda/envs/brain2brain_env/lib/python3.7/site-packages/tensorflow_core/python/keras/engine/training.py", line 973, in train_on_batch
    class_weight=class_weight, reset_metrics=reset_metrics)
  File "/home/tmarcu/.conda/envs/brain2brain_env/lib/python3.7/site-packages/tensorflow_core/python/keras/engine/training_v2_utils.py", line 264, in train_on_batch
    output_loss_metrics=model._output_loss_metrics)
  File "/home/tmarcu/.conda/envs/brain2brain_env/lib/python3.7/site-packages/tensorflow_core/python/keras/engine/training_eager.py", line 311, in train_on_batch
    output_loss_metrics=output_loss_metrics))
  File "/home/tmarcu/.conda/envs/brain2brain_env/lib/python3.7/site-packages/tensorflow_core/python/keras/engine/training_eager.py", line 252, in _process_single_batch
    training=training))
  File "/home/tmarcu/.conda/envs/brain2brain_env/lib/python3.7/site-packages/tensorflow_core/python/keras/engine/training_eager.py", line 127, in _model_loss
    outs = model(inputs, **kwargs)
  File "/home/tmarcu/.conda/envs/brain2brain_env/lib/python3.7/site-packages/tensorflow_core/python/keras/engine/base_layer.py", line 891, in __call__
    outputs = self.call(cast_inputs, *args, **kwargs)
  File "/home/tmarcu/.conda/envs/brain2brain_env/lib/python3.7/site-packages/tensorflow_core/python/keras/engine/network.py", line 708, in call
    convert_kwargs_to_constants=base_layer_utils.call_context().saving)
  File "/home/tmarcu/.conda/envs/brain2brain_env/lib/python3.7/site-packages/tensorflow_core/python/keras/engine/network.py", line 860, in _run_internal_graph
    output_tensors = layer(computed_tensors, **kwargs)
  File "/home/tmarcu/.conda/envs/brain2brain_env/lib/python3.7/site-packages/tensorflow_core/python/keras/engine/base_layer.py", line 891, in __call__
    outputs = self.call(cast_inputs, *args, **kwargs)
  File "/home/tmarcu/brain2brain/brain2brain/tcn.py", line 366, in call
    x = layers.add(self.skip_connections)
  File "/home/tmarcu/.conda/envs/brain2brain_env/lib/python3.7/site-packages/tensorflow_core/python/keras/layers/merge.py", line 587, in add
    return Add(**kwargs)(inputs)
  File "/home/tmarcu/.conda/envs/brain2brain_env/lib/python3.7/site-packages/tensorflow_core/python/keras/engine/base_layer.py", line 891, in __call__
    outputs = self.call(cast_inputs, *args, **kwargs)
  File "/home/tmarcu/.conda/envs/brain2brain_env/lib/python3.7/site-packages/tensorflow_core/python/keras/layers/merge.py", line 182, in call
    return self._merge_function(inputs)
  File "/home/tmarcu/.conda/envs/brain2brain_env/lib/python3.7/site-packages/tensorflow_core/python/keras/layers/merge.py", line 248, in _merge_function
    output += inputs[i]
  File "/home/tmarcu/.conda/envs/brain2brain_env/lib/python3.7/site-packages/tensorflow_core/python/ops/math_ops.py", line 899, in binary_op_wrapper
    return func(x, y, name=name)
  File "/home/tmarcu/.conda/envs/brain2brain_env/lib/python3.7/site-packages/tensorflow_core/python/ops/math_ops.py", line 1197, in _add_dispatch
    return gen_math_ops.add_v2(x, y, name=name)
  File "/home/tmarcu/.conda/envs/brain2brain_env/lib/python3.7/site-packages/tensorflow_core/python/ops/gen_math_ops.py", line 546, in add_v2
    _six.raise_from(_core._status_to_exception(e.code, message), None)
  File "<string>", line 3, in raise_from
tensorflow.python.framework.errors_impl.ResourceExhaustedError: OOM when allocating tensor with shape[1024,128,128] and type float on /job:localhost/replica:0/task:0/device:GPU:0 by allocator GPU_0_bfc [Op:AddV2] name: model/tcn/add_12/add/
wandb: Program failed with code 1. Press ctrl-c to abort syncing.
wandb: You can sync this run to the cloud by running: 
wandb: wandb sync tcn_m2o_norm_seq_1/wandb/dryrun-20200414_153447-2up87adu
