
Command to create ssh tunnel:
ssh -N -f -L 8001:tiger-i20g11:8001 tmarcu@tigergpu.princeton.edu

Use a Browser on your local machine to go to:
localhost:8001  (prefix w/ https:// if using password)

[I 03:13:35.790 LabApp] JupyterLab extension loaded from /home/tmarcu/.conda/envs/brain2brain_env/lib/python3.7/site-packages/jupyterlab
[I 03:13:35.790 LabApp] JupyterLab application directory is /home/tmarcu/.conda/envs/brain2brain_env/share/jupyter/lab
[I 03:13:35.792 LabApp] Serving notebooks from local directory: /home/tmarcu/brain2brain
[I 03:13:35.792 LabApp] The Jupyter Notebook is running at:
[I 03:13:35.793 LabApp] http://tiger-i20g11:8001/
[I 03:13:35.793 LabApp] Use Control-C to stop this server and shut down all kernels (twice to skip confirmation).
[I 03:14:00.297 LabApp] 302 GET / (10.36.16.7) 0.42ms
[I 03:14:05.572 LabApp] 302 GET / (10.36.16.7) 0.24ms
[I 03:14:11.174 LabApp] 302 GET / (10.36.16.7) 0.27ms
[W 03:14:22.709 LabApp] Could not determine jupyterlab build status without nodejs
[I 03:14:25.898 LabApp] New terminal with automatic name: 1
[I 03:14:25.963 LabApp] New terminal with automatic name: 2
[W 03:14:26.256 LabApp] Notebook learning/deep_learning_text_sequences.ipynb is not trusted
TermSocket.open: 1
TermSocket.open: Opened 1
TermSocket.open: 2
TermSocket.open: Opened 2
[I 03:14:27.612 LabApp] Kernel started: 7c7791b5-d18c-4c2d-90e1-f734e7784b00
[I 03:14:27.623 LabApp] Kernel started: 76e89156-f496-4ead-8d80-0aaf393c1d7b
