
Command to create ssh tunnel:
ssh -N -f -L 8001:tiger-i26c2n5:8001 tmarcu@tigergpu.princeton.edu

Use a Browser on your local machine to go to:
localhost:8001  (prefix w/ https:// if using password)

[I 12:51:38.969 LabApp] JupyterLab extension loaded from /home/tmarcu/.conda/envs/brain2brain_env/lib/python3.7/site-packages/jupyterlab
[I 12:51:38.969 LabApp] JupyterLab application directory is /home/tmarcu/.conda/envs/brain2brain_env/share/jupyter/lab
[I 12:51:38.972 LabApp] Serving notebooks from local directory: /home/tmarcu/brain2brain
[I 12:51:38.972 LabApp] The Jupyter Notebook is running at:
[I 12:51:38.972 LabApp] http://tiger-i26c2n5:8001/
[I 12:51:38.972 LabApp] Use Control-C to stop this server and shut down all kernels (twice to skip confirmation).
[I 12:53:30.560 LabApp] 302 GET / (10.36.16.7) 0.55ms
[I 12:53:32.056 LabApp] 301 GET /lab/workspaces/auto-e/?clone (10.36.16.7) 0.72ms
[E 12:53:32.093 LabApp] Uncaught exception GET /lab/api/settings/?1587228811350 (10.36.16.7)
    HTTPServerRequest(protocol='http', host='localhost:8001', method='GET', uri='/lab/api/settings/?1587228811350', version='HTTP/1.1', remote_ip='10.36.16.7')
    Traceback (most recent call last):
      File "/home/tmarcu/.conda/envs/brain2brain_env/lib/python3.7/site-packages/tornado/web.py", line 1703, in _execute
        result = await result
    tornado.iostream.StreamClosedError: Stream is closed
[W 12:53:35.755 LabApp] Could not determine jupyterlab build status without nodejs
[I 12:53:39.641 LabApp] Kernel started: 25123fb6-c156-42ac-8136-285dbe2c026f
[I 12:53:39.665 LabApp] Kernel started: cc96308c-4641-484d-b665-780198630cb5
[I 12:53:39.689 LabApp] Kernel started: 75dece20-c4f6-48f6-9ffb-a3de5aad1c52
[I 12:53:39.756 LabApp] Kernel started: f092f857-ff79-4446-bd58-a9c9743d9d7b
[I 12:53:39.797 LabApp] Kernel started: 14b1536a-62a8-49da-a412-af945dee04fc
[I 12:53:41.399 LabApp] Creating new notebook in /experiments/notebooks
[I 12:53:42.505 LabApp] Kernel started: 98ed1bce-e4be-4e7b-8bfe-b3d01aba5c35
[I 12:55:41.877 LabApp] Saving file at /experiments/notebooks/Untitled.ipynb
[I 12:57:42.395 LabApp] Saving file at /experiments/notebooks/Untitled.ipynb
[I 12:58:46.412 LabApp] KernelRestarter: restarting kernel (1/5), keep random ports
kernel 98ed1bce-e4be-4e7b-8bfe-b3d01aba5c35 restarted
kernel 98ed1bce-e4be-4e7b-8bfe-b3d01aba5c35 restarted
[I 12:59:44.346 LabApp] Saving file at /experiments/notebooks/Untitled.ipynb
[I 12:59:57.737 LabApp] Kernel interrupted: 98ed1bce-e4be-4e7b-8bfe-b3d01aba5c35
[I 13:01:51.946 LabApp] Saving file at /experiments/notebooks/Untitled.ipynb
[I 13:03:54.145 LabApp] Saving file at /experiments/notebooks/Untitled.ipynb
[I 13:05:56.709 LabApp] Saving file at /experiments/notebooks/Untitled.ipynb
[I 13:07:58.944 LabApp] Saving file at /experiments/notebooks/Untitled.ipynb
[I 13:08:47.985 LabApp] Saving file at /experiments/notebooks/Untitled.ipynb
[I 13:10:50.665 LabApp] Saving file at /experiments/notebooks/Untitled.ipynb
[I 13:12:53.388 LabApp] Saving file at /experiments/notebooks/Untitled.ipynb
[I 13:16:57.925 LabApp] Saving file at /experiments/notebooks/Untitled.ipynb
[I 13:17:54.065 LabApp] Saving file at /experiments/notebooks/Verification.ipynb
[I 13:18:18.178 LabApp] Creating new notebook in /experiments/notebooks
[I 13:18:19.679 LabApp] Kernel started: 3a1f78a7-529c-4f9d-b770-fe2cd5f86b69
[I 13:19:44.094 LabApp] Saving file at /experiments/notebooks/old.ipynb
[I 13:20:18.790 LabApp] Saving file at /experiments/notebooks/Untitled.ipynb
[I 13:22:18.884 LabApp] Saving file at /experiments/notebooks/Untitled.ipynb
[I 13:33:06.767 LabApp] Saving file at /experiments/notebooks/File_Save.ipynb
[I 13:36:19.330 LabApp] Saving file at /experiments/notebooks/Untitled.ipynb
[I 13:38:19.806 LabApp] Saving file at /experiments/notebooks/Untitled.ipynb
slurmstepd: error: *** JOB 4635529 ON tiger-i26c2n5 CANCELLED AT 2020-04-18T13:56:56 DUE TO TIME LIMIT ***
slurmstepd: error: Detected 129 oom-kill event(s) in step 4635529.batch cgroup. Some of your processes may have been killed by the cgroup out-of-memory handler.
