
Command to create ssh tunnel:
ssh -N -f -L 8001:tiger-i19g9:8001 tmarcu@tigergpu.princeton.edu

Use a Browser on your local machine to go to:
localhost:8001  (prefix w/ https:// if using password)

[I 07:20:12.158 LabApp] JupyterLab extension loaded from /home/tmarcu/.conda/envs/brain2brain_env/lib/python3.7/site-packages/jupyterlab
[I 07:20:12.158 LabApp] JupyterLab application directory is /home/tmarcu/.conda/envs/brain2brain_env/share/jupyter/lab
[I 07:20:12.161 LabApp] Serving notebooks from local directory: /home/tmarcu/brain2brain
[I 07:20:12.161 LabApp] The Jupyter Notebook is running at:
[I 07:20:12.161 LabApp] http://tiger-i19g9:8001/
[I 07:20:12.161 LabApp] Use Control-C to stop this server and shut down all kernels (twice to skip confirmation).
[W 07:21:18.470 LabApp] Could not determine jupyterlab build status without nodejs
[I 07:21:19.826 LabApp] New terminal with automatic name: 1
TermSocket.open: 1
TermSocket.open: Opened 1
[W 07:21:20.374 LabApp] Notebook learning/deep_learning_text_sequences.ipynb is not trusted
[I 07:21:20.870 LabApp] Kernel started: ea94cda3-ddef-4bd0-a006-1e8dec0dde8f
[I 07:21:20.881 LabApp] Kernel started: a1825cc2-00c2-4963-9157-8a773d2936ea
[I 07:21:20.891 LabApp] Kernel started: b2889627-1bd5-460f-ae8d-8f5b469e36d9
[I 07:23:20.480 LabApp] Saving file at /tcn/tcn.ipynb
[I 07:24:20.982 LabApp] Kernel interrupted: ea94cda3-ddef-4bd0-a006-1e8dec0dde8f
[I 07:25:20.540 LabApp] Saving file at /tcn/tcn.ipynb
[I 07:26:39.373 LabApp] Kernel interrupted: ea94cda3-ddef-4bd0-a006-1e8dec0dde8f
[I 07:27:20.592 LabApp] Saving file at /tcn/tcn.ipynb
[I 07:29:20.647 LabApp] Saving file at /tcn/tcn.ipynb
[I 07:31:20.696 LabApp] Saving file at /tcn/tcn.ipynb
[I 07:33:20.750 LabApp] Saving file at /tcn/tcn.ipynb
2019-12-09 07:33:55.878461: I tensorflow/stream_executor/platform/default/dso_loader.cc:44] Successfully opened dynamic library libcuda.so.1
2019-12-09 07:33:55.941153: I tensorflow/core/common_runtime/gpu/gpu_device.cc:1618] Found device 0 with properties: 
name: Tesla P100-PCIE-16GB major: 6 minor: 0 memoryClockRate(GHz): 1.3285
pciBusID: 0000:03:00.0
2019-12-09 07:33:55.942119: I tensorflow/core/common_runtime/gpu/gpu_device.cc:1618] Found device 1 with properties: 
name: Tesla P100-PCIE-16GB major: 6 minor: 0 memoryClockRate(GHz): 1.3285
pciBusID: 0000:04:00.0
2019-12-09 07:33:55.943052: I tensorflow/core/common_runtime/gpu/gpu_device.cc:1618] Found device 2 with properties: 
name: Tesla P100-PCIE-16GB major: 6 minor: 0 memoryClockRate(GHz): 1.3285
pciBusID: 0000:82:00.0
2019-12-09 07:33:55.943979: I tensorflow/core/common_runtime/gpu/gpu_device.cc:1618] Found device 3 with properties: 
name: Tesla P100-PCIE-16GB major: 6 minor: 0 memoryClockRate(GHz): 1.3285
pciBusID: 0000:83:00.0
2019-12-09 07:33:55.944606: I tensorflow/stream_executor/platform/default/dso_loader.cc:44] Successfully opened dynamic library libcudart.so.10.0
2019-12-09 07:33:55.946452: I tensorflow/stream_executor/platform/default/dso_loader.cc:44] Successfully opened dynamic library libcublas.so.10.0
2019-12-09 07:33:55.948981: I tensorflow/stream_executor/platform/default/dso_loader.cc:44] Successfully opened dynamic library libcufft.so.10.0
2019-12-09 07:33:55.950085: I tensorflow/stream_executor/platform/default/dso_loader.cc:44] Successfully opened dynamic library libcurand.so.10.0
2019-12-09 07:33:55.952243: I tensorflow/stream_executor/platform/default/dso_loader.cc:44] Successfully opened dynamic library libcusolver.so.10.0
2019-12-09 07:33:55.954034: I tensorflow/stream_executor/platform/default/dso_loader.cc:44] Successfully opened dynamic library libcusparse.so.10.0
2019-12-09 07:33:55.958473: I tensorflow/stream_executor/platform/default/dso_loader.cc:44] Successfully opened dynamic library libcudnn.so.7
2019-12-09 07:33:55.966433: I tensorflow/core/common_runtime/gpu/gpu_device.cc:1746] Adding visible gpu devices: 0, 1, 2, 3
2019-12-09 07:33:55.966848: I tensorflow/core/platform/cpu_feature_guard.cc:142] Your CPU supports instructions that this TensorFlow binary was not compiled to use: SSE4.1 SSE4.2 AVX AVX2 FMA
2019-12-09 07:33:55.973590: I tensorflow/core/platform/profile_utils/cpu_utils.cc:94] CPU Frequency: 2399825000 Hz
2019-12-09 07:33:55.973883: I tensorflow/compiler/xla/service/service.cc:168] XLA service 0x55dfe6842500 executing computations on platform Host. Devices:
2019-12-09 07:33:55.973905: I tensorflow/compiler/xla/service/service.cc:175]   StreamExecutor device (0): Host, Default Version
2019-12-09 07:33:56.359561: I tensorflow/core/common_runtime/gpu/gpu_device.cc:1618] Found device 0 with properties: 
name: Tesla P100-PCIE-16GB major: 6 minor: 0 memoryClockRate(GHz): 1.3285
pciBusID: 0000:03:00.0
2019-12-09 07:33:56.360548: I tensorflow/core/common_runtime/gpu/gpu_device.cc:1618] Found device 1 with properties: 
name: Tesla P100-PCIE-16GB major: 6 minor: 0 memoryClockRate(GHz): 1.3285
pciBusID: 0000:04:00.0
2019-12-09 07:33:56.361493: I tensorflow/core/common_runtime/gpu/gpu_device.cc:1618] Found device 2 with properties: 
name: Tesla P100-PCIE-16GB major: 6 minor: 0 memoryClockRate(GHz): 1.3285
pciBusID: 0000:82:00.0
2019-12-09 07:33:56.362434: I tensorflow/core/common_runtime/gpu/gpu_device.cc:1618] Found device 3 with properties: 
name: Tesla P100-PCIE-16GB major: 6 minor: 0 memoryClockRate(GHz): 1.3285
pciBusID: 0000:83:00.0
2019-12-09 07:33:56.362490: I tensorflow/stream_executor/platform/default/dso_loader.cc:44] Successfully opened dynamic library libcudart.so.10.0
2019-12-09 07:33:56.362506: I tensorflow/stream_executor/platform/default/dso_loader.cc:44] Successfully opened dynamic library libcublas.so.10.0
2019-12-09 07:33:56.362519: I tensorflow/stream_executor/platform/default/dso_loader.cc:44] Successfully opened dynamic library libcufft.so.10.0
2019-12-09 07:33:56.362532: I tensorflow/stream_executor/platform/default/dso_loader.cc:44] Successfully opened dynamic library libcurand.so.10.0
2019-12-09 07:33:56.362544: I tensorflow/stream_executor/platform/default/dso_loader.cc:44] Successfully opened dynamic library libcusolver.so.10.0
2019-12-09 07:33:56.362557: I tensorflow/stream_executor/platform/default/dso_loader.cc:44] Successfully opened dynamic library libcusparse.so.10.0
2019-12-09 07:33:56.362571: I tensorflow/stream_executor/platform/default/dso_loader.cc:44] Successfully opened dynamic library libcudnn.so.7
2019-12-09 07:33:56.369822: I tensorflow/core/common_runtime/gpu/gpu_device.cc:1746] Adding visible gpu devices: 0, 1, 2, 3
2019-12-09 07:33:56.369856: I tensorflow/stream_executor/platform/default/dso_loader.cc:44] Successfully opened dynamic library libcudart.so.10.0
2019-12-09 07:33:56.374004: I tensorflow/core/common_runtime/gpu/gpu_device.cc:1159] Device interconnect StreamExecutor with strength 1 edge matrix:
2019-12-09 07:33:56.374019: I tensorflow/core/common_runtime/gpu/gpu_device.cc:1165]      0 1 2 3 
2019-12-09 07:33:56.374030: I tensorflow/core/common_runtime/gpu/gpu_device.cc:1178] 0:   N Y N N 
2019-12-09 07:33:56.374034: I tensorflow/core/common_runtime/gpu/gpu_device.cc:1178] 1:   Y N N N 
2019-12-09 07:33:56.374039: I tensorflow/core/common_runtime/gpu/gpu_device.cc:1178] 2:   N N N Y 
2019-12-09 07:33:56.374043: I tensorflow/core/common_runtime/gpu/gpu_device.cc:1178] 3:   N N Y N 
2019-12-09 07:33:56.379649: I tensorflow/core/common_runtime/gpu/gpu_device.cc:1304] Created TensorFlow device (/job:localhost/replica:0/task:0/device:GPU:0 with 15216 MB memory) -> physical GPU (device: 0, name: Tesla P100-PCIE-16GB, pci bus id: 0000:03:00.0, compute capability: 6.0)
2019-12-09 07:33:56.381808: I tensorflow/core/common_runtime/gpu/gpu_device.cc:1304] Created TensorFlow device (/job:localhost/replica:0/task:0/device:GPU:1 with 15216 MB memory) -> physical GPU (device: 1, name: Tesla P100-PCIE-16GB, pci bus id: 0000:04:00.0, compute capability: 6.0)
2019-12-09 07:33:56.383848: I tensorflow/core/common_runtime/gpu/gpu_device.cc:1304] Created TensorFlow device (/job:localhost/replica:0/task:0/device:GPU:2 with 15216 MB memory) -> physical GPU (device: 2, name: Tesla P100-PCIE-16GB, pci bus id: 0000:82:00.0, compute capability: 6.0)
2019-12-09 07:33:56.385900: I tensorflow/core/common_runtime/gpu/gpu_device.cc:1304] Created TensorFlow device (/job:localhost/replica:0/task:0/device:GPU:3 with 15216 MB memory) -> physical GPU (device: 3, name: Tesla P100-PCIE-16GB, pci bus id: 0000:83:00.0, compute capability: 6.0)
2019-12-09 07:33:56.387906: I tensorflow/compiler/xla/service/service.cc:168] XLA service 0x55dfe7e3ce80 executing computations on platform CUDA. Devices:
2019-12-09 07:33:56.387923: I tensorflow/compiler/xla/service/service.cc:175]   StreamExecutor device (0): Tesla P100-PCIE-16GB, Compute Capability 6.0
2019-12-09 07:33:56.387928: I tensorflow/compiler/xla/service/service.cc:175]   StreamExecutor device (1): Tesla P100-PCIE-16GB, Compute Capability 6.0
2019-12-09 07:33:56.387933: I tensorflow/compiler/xla/service/service.cc:175]   StreamExecutor device (2): Tesla P100-PCIE-16GB, Compute Capability 6.0
2019-12-09 07:33:56.387937: I tensorflow/compiler/xla/service/service.cc:175]   StreamExecutor device (3): Tesla P100-PCIE-16GB, Compute Capability 6.0
2019-12-09 07:34:39.581951: I tensorflow/stream_executor/platform/default/dso_loader.cc:44] Successfully opened dynamic library libcublas.so.10.0
[I 07:35:20.804 LabApp] Saving file at /tcn/tcn.ipynb
[I 07:37:20.857 LabApp] Saving file at /tcn/tcn.ipynb
[I 07:39:21.044 LabApp] Saving file at /tcn/tcn.ipynb
[I 07:41:22.534 LabApp] Saving file at /tcn/tcn.ipynb
[I 07:43:22.607 LabApp] Saving file at /tcn/tcn.ipynb
2019-12-09 07:43:32.877597: I tensorflow/stream_executor/platform/default/dso_loader.cc:44] Successfully opened dynamic library libcudnn.so.7
[I 07:45:22.872 LabApp] Saving file at /tcn/tcn.ipynb
[I 07:47:22.932 LabApp] Saving file at /tcn/tcn.ipynb
[I 07:48:53.574 LabApp] Creating new directory in /tcn
[I 07:49:23.902 LabApp] Saving file at /tcn/tcn.ipynb
[I 07:51:23.961 LabApp] Saving file at /tcn/tcn.ipynb
[I 07:52:55.644 LabApp] Kernel interrupted: ea94cda3-ddef-4bd0-a006-1e8dec0dde8f
[I 07:53:24.015 LabApp] Saving file at /tcn/tcn.ipynb
[I 07:53:38.831 LabApp] Kernel interrupted: ea94cda3-ddef-4bd0-a006-1e8dec0dde8f
[I 07:53:46.633 LabApp] Kernel interrupted: ea94cda3-ddef-4bd0-a006-1e8dec0dde8f
[I 07:54:24.636 LabApp] Kernel interrupted: ea94cda3-ddef-4bd0-a006-1e8dec0dde8f
[I 07:55:25.138 LabApp] Saving file at /tcn/tcn.ipynb
[I 07:57:25.239 LabApp] Saving file at /tcn/tcn.ipynb
2019-12-09 07:58:31.479981: I tensorflow/core/common_runtime/gpu/gpu_device.cc:1618] Found device 0 with properties: 
name: Tesla P100-PCIE-16GB major: 6 minor: 0 memoryClockRate(GHz): 1.3285
pciBusID: 0000:03:00.0
2019-12-09 07:58:31.481129: I tensorflow/core/common_runtime/gpu/gpu_device.cc:1618] Found device 1 with properties: 
name: Tesla P100-PCIE-16GB major: 6 minor: 0 memoryClockRate(GHz): 1.3285
pciBusID: 0000:04:00.0
2019-12-09 07:58:31.482113: I tensorflow/core/common_runtime/gpu/gpu_device.cc:1618] Found device 2 with properties: 
name: Tesla P100-PCIE-16GB major: 6 minor: 0 memoryClockRate(GHz): 1.3285
pciBusID: 0000:82:00.0
2019-12-09 07:58:31.483091: I tensorflow/core/common_runtime/gpu/gpu_device.cc:1618] Found device 3 with properties: 
name: Tesla P100-PCIE-16GB major: 6 minor: 0 memoryClockRate(GHz): 1.3285
pciBusID: 0000:83:00.0
2019-12-09 07:58:31.483150: I tensorflow/stream_executor/platform/default/dso_loader.cc:44] Successfully opened dynamic library libcudart.so.10.0
2019-12-09 07:58:31.483175: I tensorflow/stream_executor/platform/default/dso_loader.cc:44] Successfully opened dynamic library libcublas.so.10.0
2019-12-09 07:58:31.483193: I tensorflow/stream_executor/platform/default/dso_loader.cc:44] Successfully opened dynamic library libcufft.so.10.0
2019-12-09 07:58:31.483215: I tensorflow/stream_executor/platform/default/dso_loader.cc:44] Successfully opened dynamic library libcurand.so.10.0
2019-12-09 07:58:31.483233: I tensorflow/stream_executor/platform/default/dso_loader.cc:44] Successfully opened dynamic library libcusolver.so.10.0
2019-12-09 07:58:31.483782: I tensorflow/stream_executor/platform/default/dso_loader.cc:44] Successfully opened dynamic library libcusparse.so.10.0
2019-12-09 07:58:31.483810: I tensorflow/stream_executor/platform/default/dso_loader.cc:44] Successfully opened dynamic library libcudnn.so.7
2019-12-09 07:58:31.490147: I tensorflow/core/common_runtime/gpu/gpu_device.cc:1746] Adding visible gpu devices: 0, 1, 2, 3
2019-12-09 07:58:31.490349: I tensorflow/core/common_runtime/gpu/gpu_device.cc:1159] Device interconnect StreamExecutor with strength 1 edge matrix:
2019-12-09 07:58:31.490361: I tensorflow/core/common_runtime/gpu/gpu_device.cc:1165]      0 1 2 3 
2019-12-09 07:58:31.490367: I tensorflow/core/common_runtime/gpu/gpu_device.cc:1178] 0:   N Y N N 
2019-12-09 07:58:31.490372: I tensorflow/core/common_runtime/gpu/gpu_device.cc:1178] 1:   Y N N N 
2019-12-09 07:58:31.490376: I tensorflow/core/common_runtime/gpu/gpu_device.cc:1178] 2:   N N N Y 
2019-12-09 07:58:31.490381: I tensorflow/core/common_runtime/gpu/gpu_device.cc:1178] 3:   N N Y N 
2019-12-09 07:58:31.494144: I tensorflow/core/common_runtime/gpu/gpu_device.cc:1304] Created TensorFlow device (/device:GPU:0 with 15216 MB memory) -> physical GPU (device: 0, name: Tesla P100-PCIE-16GB, pci bus id: 0000:03:00.0, compute capability: 6.0)
2019-12-09 07:58:31.495139: I tensorflow/core/common_runtime/gpu/gpu_device.cc:1304] Created TensorFlow device (/device:GPU:1 with 15216 MB memory) -> physical GPU (device: 1, name: Tesla P100-PCIE-16GB, pci bus id: 0000:04:00.0, compute capability: 6.0)
2019-12-09 07:58:31.496115: I tensorflow/core/common_runtime/gpu/gpu_device.cc:1304] Created TensorFlow device (/device:GPU:2 with 15216 MB memory) -> physical GPU (device: 2, name: Tesla P100-PCIE-16GB, pci bus id: 0000:82:00.0, compute capability: 6.0)
2019-12-09 07:58:31.497098: I tensorflow/core/common_runtime/gpu/gpu_device.cc:1304] Created TensorFlow device (/device:GPU:3 with 15216 MB memory) -> physical GPU (device: 3, name: Tesla P100-PCIE-16GB, pci bus id: 0000:83:00.0, compute capability: 6.0)
[I 07:59:25.958 LabApp] Saving file at /tcn/tcn.ipynb
2019-12-09 08:00:36.703693: I tensorflow/core/common_runtime/gpu/gpu_device.cc:1618] Found device 0 with properties: 
name: Tesla P100-PCIE-16GB major: 6 minor: 0 memoryClockRate(GHz): 1.3285
pciBusID: 0000:03:00.0
2019-12-09 08:00:36.704557: I tensorflow/core/common_runtime/gpu/gpu_device.cc:1618] Found device 1 with properties: 
name: Tesla P100-PCIE-16GB major: 6 minor: 0 memoryClockRate(GHz): 1.3285
pciBusID: 0000:04:00.0
2019-12-09 08:00:36.705115: I tensorflow/core/common_runtime/gpu/gpu_device.cc:1618] Found device 2 with properties: 
name: Tesla P100-PCIE-16GB major: 6 minor: 0 memoryClockRate(GHz): 1.3285
pciBusID: 0000:82:00.0
2019-12-09 08:00:36.705671: I tensorflow/core/common_runtime/gpu/gpu_device.cc:1618] Found device 3 with properties: 
name: Tesla P100-PCIE-16GB major: 6 minor: 0 memoryClockRate(GHz): 1.3285
pciBusID: 0000:83:00.0
2019-12-09 08:00:36.705717: I tensorflow/stream_executor/platform/default/dso_loader.cc:44] Successfully opened dynamic library libcudart.so.10.0
2019-12-09 08:00:36.705733: I tensorflow/stream_executor/platform/default/dso_loader.cc:44] Successfully opened dynamic library libcublas.so.10.0
2019-12-09 08:00:36.705754: I tensorflow/stream_executor/platform/default/dso_loader.cc:44] Successfully opened dynamic library libcufft.so.10.0
2019-12-09 08:00:36.705769: I tensorflow/stream_executor/platform/default/dso_loader.cc:44] Successfully opened dynamic library libcurand.so.10.0
2019-12-09 08:00:36.705783: I tensorflow/stream_executor/platform/default/dso_loader.cc:44] Successfully opened dynamic library libcusolver.so.10.0
2019-12-09 08:00:36.705796: I tensorflow/stream_executor/platform/default/dso_loader.cc:44] Successfully opened dynamic library libcusparse.so.10.0
2019-12-09 08:00:36.705809: I tensorflow/stream_executor/platform/default/dso_loader.cc:44] Successfully opened dynamic library libcudnn.so.7
2019-12-09 08:00:36.709812: I tensorflow/core/common_runtime/gpu/gpu_device.cc:1746] Adding visible gpu devices: 0, 1, 2, 3
2019-12-09 08:00:36.709963: I tensorflow/core/common_runtime/gpu/gpu_device.cc:1159] Device interconnect StreamExecutor with strength 1 edge matrix:
2019-12-09 08:00:36.709977: I tensorflow/core/common_runtime/gpu/gpu_device.cc:1165]      0 1 2 3 
2019-12-09 08:00:36.709984: I tensorflow/core/common_runtime/gpu/gpu_device.cc:1178] 0:   N Y N N 
2019-12-09 08:00:36.709989: I tensorflow/core/common_runtime/gpu/gpu_device.cc:1178] 1:   Y N N N 
2019-12-09 08:00:36.709993: I tensorflow/core/common_runtime/gpu/gpu_device.cc:1178] 2:   N N N Y 
2019-12-09 08:00:36.709998: I tensorflow/core/common_runtime/gpu/gpu_device.cc:1178] 3:   N N Y N 
2019-12-09 08:00:36.712508: I tensorflow/core/common_runtime/gpu/gpu_device.cc:1304] Created TensorFlow device (/device:GPU:0 with 15216 MB memory) -> physical GPU (device: 0, name: Tesla P100-PCIE-16GB, pci bus id: 0000:03:00.0, compute capability: 6.0)
2019-12-09 08:00:36.713035: I tensorflow/core/common_runtime/gpu/gpu_device.cc:1304] Created TensorFlow device (/device:GPU:1 with 15216 MB memory) -> physical GPU (device: 1, name: Tesla P100-PCIE-16GB, pci bus id: 0000:04:00.0, compute capability: 6.0)
2019-12-09 08:00:36.713543: I tensorflow/core/common_runtime/gpu/gpu_device.cc:1304] Created TensorFlow device (/device:GPU:2 with 15216 MB memory) -> physical GPU (device: 2, name: Tesla P100-PCIE-16GB, pci bus id: 0000:82:00.0, compute capability: 6.0)
2019-12-09 08:00:36.714076: I tensorflow/core/common_runtime/gpu/gpu_device.cc:1304] Created TensorFlow device (/device:GPU:3 with 15216 MB memory) -> physical GPU (device: 3, name: Tesla P100-PCIE-16GB, pci bus id: 0000:83:00.0, compute capability: 6.0)
[I 08:01:26.939 LabApp] Saving file at /tcn/tcn.ipynb
[I 08:05:27.320 LabApp] Saving file at /tcn/tcn.ipynb
2019-12-09 08:05:54.084249: I tensorflow/core/common_runtime/gpu/gpu_device.cc:1618] Found device 0 with properties: 
name: Tesla P100-PCIE-16GB major: 6 minor: 0 memoryClockRate(GHz): 1.3285
pciBusID: 0000:03:00.0
2019-12-09 08:05:54.084954: I tensorflow/core/common_runtime/gpu/gpu_device.cc:1618] Found device 1 with properties: 
name: Tesla P100-PCIE-16GB major: 6 minor: 0 memoryClockRate(GHz): 1.3285
pciBusID: 0000:04:00.0
2019-12-09 08:05:54.085564: I tensorflow/core/common_runtime/gpu/gpu_device.cc:1618] Found device 2 with properties: 
name: Tesla P100-PCIE-16GB major: 6 minor: 0 memoryClockRate(GHz): 1.3285
pciBusID: 0000:82:00.0
2019-12-09 08:05:54.086144: I tensorflow/core/common_runtime/gpu/gpu_device.cc:1618] Found device 3 with properties: 
name: Tesla P100-PCIE-16GB major: 6 minor: 0 memoryClockRate(GHz): 1.3285
pciBusID: 0000:83:00.0
2019-12-09 08:05:54.086195: I tensorflow/stream_executor/platform/default/dso_loader.cc:44] Successfully opened dynamic library libcudart.so.10.0
2019-12-09 08:05:54.086216: I tensorflow/stream_executor/platform/default/dso_loader.cc:44] Successfully opened dynamic library libcublas.so.10.0
2019-12-09 08:05:54.086248: I tensorflow/stream_executor/platform/default/dso_loader.cc:44] Successfully opened dynamic library libcufft.so.10.0
2019-12-09 08:05:54.086264: I tensorflow/stream_executor/platform/default/dso_loader.cc:44] Successfully opened dynamic library libcurand.so.10.0
2019-12-09 08:05:54.086280: I tensorflow/stream_executor/platform/default/dso_loader.cc:44] Successfully opened dynamic library libcusolver.so.10.0
2019-12-09 08:05:54.086301: I tensorflow/stream_executor/platform/default/dso_loader.cc:44] Successfully opened dynamic library libcusparse.so.10.0
2019-12-09 08:05:54.086336: I tensorflow/stream_executor/platform/default/dso_loader.cc:44] Successfully opened dynamic library libcudnn.so.7
2019-12-09 08:05:54.089937: I tensorflow/core/common_runtime/gpu/gpu_device.cc:1746] Adding visible gpu devices: 0, 1, 2, 3
2019-12-09 08:05:54.090081: I tensorflow/core/common_runtime/gpu/gpu_device.cc:1159] Device interconnect StreamExecutor with strength 1 edge matrix:
2019-12-09 08:05:54.090091: I tensorflow/core/common_runtime/gpu/gpu_device.cc:1165]      0 1 2 3 
2019-12-09 08:05:54.090098: I tensorflow/core/common_runtime/gpu/gpu_device.cc:1178] 0:   N Y N N 
2019-12-09 08:05:54.090102: I tensorflow/core/common_runtime/gpu/gpu_device.cc:1178] 1:   Y N N N 
2019-12-09 08:05:54.090106: I tensorflow/core/common_runtime/gpu/gpu_device.cc:1178] 2:   N N N Y 
2019-12-09 08:05:54.090113: I tensorflow/core/common_runtime/gpu/gpu_device.cc:1178] 3:   N N Y N 
2019-12-09 08:05:54.092459: I tensorflow/core/common_runtime/gpu/gpu_device.cc:1304] Created TensorFlow device (/job:localhost/replica:0/task:0/device:GPU:0 with 15216 MB memory) -> physical GPU (device: 0, name: Tesla P100-PCIE-16GB, pci bus id: 0000:03:00.0, compute capability: 6.0)
2019-12-09 08:05:54.092932: I tensorflow/core/common_runtime/gpu/gpu_device.cc:1304] Created TensorFlow device (/job:localhost/replica:0/task:0/device:GPU:1 with 15216 MB memory) -> physical GPU (device: 1, name: Tesla P100-PCIE-16GB, pci bus id: 0000:04:00.0, compute capability: 6.0)
2019-12-09 08:05:54.093387: I tensorflow/core/common_runtime/gpu/gpu_device.cc:1304] Created TensorFlow device (/job:localhost/replica:0/task:0/device:GPU:2 with 15216 MB memory) -> physical GPU (device: 2, name: Tesla P100-PCIE-16GB, pci bus id: 0000:82:00.0, compute capability: 6.0)
2019-12-09 08:05:54.093845: I tensorflow/core/common_runtime/gpu/gpu_device.cc:1304] Created TensorFlow device (/job:localhost/replica:0/task:0/device:GPU:3 with 15216 MB memory) -> physical GPU (device: 3, name: Tesla P100-PCIE-16GB, pci bus id: 0000:83:00.0, compute capability: 6.0)
[I 08:07:27.382 LabApp] Saving file at /tcn/tcn.ipynb
[I 08:08:55.242 LabApp] Kernel interrupted: ea94cda3-ddef-4bd0-a006-1e8dec0dde8f
[I 08:09:27.448 LabApp] Saving file at /tcn/tcn.ipynb
[I 08:10:54.211 LabApp] New terminal with automatic name: 2
TermSocket.open: 2
TermSocket.open: Opened 2
[I 08:11:27.539 LabApp] Saving file at /tcn/tcn.ipynb
[I 08:12:27.766 LabApp] Saving file at /tcn/tcn.ipynb
